2022-12-07 15:31:19,454 INFO     Logging verbose set to False
2022-12-07 15:32:30,275 WARNING   
 -------- No rRNA was found for: --------  
 NC_005824.1 
 -------------------------------------------------------------------------------
2022-12-07 15:32:30,281 WARNING  Faulty records from NCBI: ['NC_002506.1', 'NC_003869.1', 'NC_004350.2', 'NC_006087.1', 'NC_002939.5', 'NC_006833.1', 'NC_000922.1', 'NC_003116.1', 'NC_008314.1', 'NC_002506.1', 'NC_006833.1', 'NC_000922.1', 'NC_003116.1', 'NC_004350.2', 'NC_008314.1', 'NC_003869.1', 'NC_006087.1', 'NC_002939.5']
2022-12-07 15:32:31,749 WARNING   
 -------- The overlap with rRNA and strand is not correct for NC_004088.1 ------- 
 rRNA location = 12015 sign = + & strand interval = [248823, 2262716)leading1. Apos Distance to Ori = 283070 & rRNA location between dnaApos and Ori = False 
 -------------------------------------------------------------------------------
2022-12-07 15:32:31,773 WARNING   
 -------- The overlap with rRNA and strand is not correct for NC_006300.1 ------- 
 rRNA location = 2312119 sign = + & strand interval = [47557, 1009102)leading1. Apos Distance to Ori = 400404 & rRNA location between dnaApos and Ori = False 
 -------------------------------------------------------------------------------
2022-12-07 15:32:31,780 WARNING   
 -------- The overlap with rRNA and strand is not correct for NC_005835.1 ------- 
 rRNA location = 1766608 sign = - & strand interval = [613069, 1547442) lagging1. Apos Distance to Ori = 24412 & rRNA location between dnaApos and Ori = False 
 -------------------------------------------------------------------------------
2022-12-07 15:32:31,800 WARNING   
 -------- The overlap with rRNA and strand is not correct for NC_002163.1 ------- 
 rRNA location = 39249 sign = + & strand interval = [45763, 792577)leading1. Apos Distance to Ori = 45762 & rRNA location between dnaApos and Ori = True 
 -------------------------------------------------------------------------------
2022-12-07 15:32:31,812 WARNING    Nr of records with rRNA and strand non-overlap: 4
