2022-12-20 13:12:39,733 INFO     Logging verbose set to False
2022-12-20 13:27:33,443 DEBUG    OK! No faulty records from NCBI recorded!
2022-12-20 13:27:33,443 WARNING   
 -------- No rRNA was found for: --------  
 NZ_LT906615.1 
 NZ_LT960612.1 
 NZ_LT992493.1 
 NZ_LT992489.1 
 NZ_LT992487.1 
 NZ_LS997868.1 
 NZ_LR699115.1 
 NZ_LR699120.1 
 -------------------------------------------------------------------------------
2022-12-20 13:27:36,179 WARNING   
 -------- The overlap with rRNA and strand is not correct for NZ_LT906450.1 ------- 
 rRNA location = 2977651 sign = - & strand interval = [3126477, 5271952) lagging1. Apos Distance to Ori = 14467 & rRNA location between dnaApos and Ori = True 
 -------------------------------------------------------------------------------
2022-12-20 13:27:36,260 WARNING   
 -------- The overlap with rRNA and strand is not correct for NZ_LT905064.1 ------- 
 rRNA location = 4667529 sign = - & strand interval = [2350053, 4596403) lagging1. Apos Distance to Ori = 169235 & rRNA location between dnaApos and Ori = True
 rRNA location = 4709583 sign = - & strand interval = [2350053, 4596403) lagging1. Apos Distance to Ori = 169235 & rRNA location between dnaApos and Ori = True 
 -------------------------------------------------------------------------------
2022-12-20 13:27:36,322 WARNING   
 -------- The overlap with rRNA and strand is not correct for NZ_LT905062.1 ------- 
 rRNA location = 2704486 sign = + & strand interval = [1, 300004)leading1 & [2722699, 4676594]leading2. Apos Distance to Ori = 74267 & rRNA location between dnaApos and Ori = True 
 -------------------------------------------------------------------------------
2022-12-20 13:27:36,521 WARNING   
 -------- The overlap with rRNA and strand is not correct for NZ_LT962942.1 ------- 
 rRNA location = 2437414 sign = - & strand interval = [1, 1077)lagging1 & [4245074, 8983316]lagging2. Apos Distance to Ori = 4413080 & rRNA location between dnaApos and Ori = False
 rRNA location = 3920331 sign = - & strand interval = [1, 1077)lagging1 & [4245074, 8983316]lagging2. Apos Distance to Ori = 4413080 & rRNA location between dnaApos and Ori = False
 rRNA location = 4817844 sign = + & strand interval = [1077, 4245074)leading1. Apos Distance to Ori = 4413080 & rRNA location between dnaApos and Ori = True
 rRNA location = 5456935 sign = + & strand interval = [1077, 4245074)leading1. Apos Distance to Ori = 4413080 & rRNA location between dnaApos and Ori = True
 rRNA location = 7052139 sign = + & strand interval = [1077, 4245074)leading1. Apos Distance to Ori = 4413080 & rRNA location between dnaApos and Ori = True
 rRNA location = 7530982 sign = + & strand interval = [1077, 4245074)leading1. Apos Distance to Ori = 4413080 & rRNA location between dnaApos and Ori = True 
 -------------------------------------------------------------------------------
2022-12-20 13:27:36,528 WARNING   
 -------- The overlap with rRNA and strand is not correct for NZ_LT963352.1 ------- 
 rRNA location = 2437414 sign = - & strand interval = [1, 1077)lagging1 & [4245074, 8983316]lagging2. Apos Distance to Ori = 4413080 & rRNA location between dnaApos and Ori = False
 rRNA location = 3920331 sign = - & strand interval = [1, 1077)lagging1 & [4245074, 8983316]lagging2. Apos Distance to Ori = 4413080 & rRNA location between dnaApos and Ori = False
 rRNA location = 4817844 sign = + & strand interval = [1077, 4245074)leading1. Apos Distance to Ori = 4413080 & rRNA location between dnaApos and Ori = True
 rRNA location = 5456935 sign = + & strand interval = [1077, 4245074)leading1. Apos Distance to Ori = 4413080 & rRNA location between dnaApos and Ori = True
 rRNA location = 7052139 sign = + & strand interval = [1077, 4245074)leading1. Apos Distance to Ori = 4413080 & rRNA location between dnaApos and Ori = True
 rRNA location = 7530982 sign = + & strand interval = [1077, 4245074)leading1. Apos Distance to Ori = 4413080 & rRNA location between dnaApos and Ori = True 
 -------------------------------------------------------------------------------
2022-12-20 13:27:36,575 WARNING   
 -------- The overlap with rRNA and strand is not correct for NZ_LT963436.1 ------- 
 rRNA location = 729893 sign = - & strand interval = [1340183, 2457434) lagging1. Apos Distance to Ori = 9775 & rRNA location between dnaApos and Ori = False 
 -------------------------------------------------------------------------------
2022-12-20 13:27:36,663 WARNING   
 -------- The overlap with rRNA and strand is not correct for NZ_LT991954.1 ------- 
 rRNA location = 814061 sign = - & strand interval = [1, 790508)lagging1 & [3067890, 4763152]lagging2. Apos Distance to Ori = 68743 & rRNA location between dnaApos and Ori = True 
 -------------------------------------------------------------------------------
2022-12-20 13:27:37,015 WARNING   
 -------- The overlap with rRNA and strand is not correct for NZ_LS483250.1 ------- 
 rRNA location = 3076708 sign = + & strand interval = [1, 868343)leading1 & [3100868, 4433650]leading2. Apos Distance to Ori = 51078 & rRNA location between dnaApos and Ori = True 
 -------------------------------------------------------------------------------
2022-12-20 13:27:37,510 WARNING   
 -------- The overlap with rRNA and strand is not correct for NZ_LS483362.1 ------- 
 rRNA location = 39251 sign = + & strand interval = [51285, 797781)leading1. Apos Distance to Ori = 51284 & rRNA location between dnaApos and Ori = True 
 -------------------------------------------------------------------------------
2022-12-20 13:27:37,645 WARNING   
 -------- The overlap with rRNA and strand is not correct for NZ_LS483372.1 ------- 
 rRNA location = 6689 sign = + & strand interval = [43040, 3344778)leading1. Apos Distance to Ori = 43065 & rRNA location between dnaApos and Ori = True 
 -------------------------------------------------------------------------------
2022-12-20 13:27:37,973 WARNING   
 -------- The overlap with rRNA and strand is not correct for NZ_LS483435.1 ------- 
 rRNA location = 574327 sign = - & strand interval = [1, 539216)lagging1 & [1701531, 2249414]lagging2. Apos Distance to Ori = 116802 & rRNA location between dnaApos and Ori = False 
 -------------------------------------------------------------------------------
2022-12-20 13:27:38,051 WARNING   
 -------- The overlap with rRNA and strand is not correct for NZ_LS483422.1 ------- 
 rRNA location = 97409 sign = + & strand interval = [121635, 2219644)leading1. Apos Distance to Ori = 121634 & rRNA location between dnaApos and Ori = True 
 -------------------------------------------------------------------------------
2022-12-20 13:27:38,091 WARNING   
 -------- The overlap with rRNA and strand is not correct for NZ_LS483440.1 ------- 
 rRNA location = 6884 sign = + & strand interval = [19019, 875329)leading1. Apos Distance to Ori = 19467 & rRNA location between dnaApos and Ori = True 
 -------------------------------------------------------------------------------
2022-12-20 13:27:38,144 WARNING   
 -------- The overlap with rRNA and strand is not correct for NZ_LS483444.1 ------- 
 rRNA location = 16012 sign = + & strand interval = [16388, 982086)leading1. Apos Distance to Ori = 16387 & rRNA location between dnaApos and Ori = True 
 -------------------------------------------------------------------------------
2022-12-20 13:27:38,556 WARNING   
 -------- The overlap with rRNA and strand is not correct for NZ_LR025101.1 ------- 
 rRNA location = 65104 sign = + & strand interval = [69584, 2584510)leading1. Apos Distance to Ori = 68180 & rRNA location between dnaApos and Ori = True 
 -------------------------------------------------------------------------------
2022-12-20 13:27:38,579 WARNING   
 -------- The overlap with rRNA and strand is not correct for NZ_LS999835.1 ------- 
 rRNA location = 470957 sign = + & strand interval = [163874, 454644)leading1. Apos Distance to Ori = 163875 & rRNA location between dnaApos and Ori = False 
 -------------------------------------------------------------------------------
2022-12-20 13:27:38,620 WARNING   
 -------- The overlap with rRNA and strand is not correct for NZ_LS992183.1 ------- 
 rRNA location = 4669497 sign = + & strand interval = [108885, 2413010)leading1. Apos Distance to Ori = 108886 & rRNA location between dnaApos and Ori = False 
 -------------------------------------------------------------------------------
2022-12-20 13:27:38,689 WARNING   
 -------- The overlap with rRNA and strand is not correct for NZ_LR027517.1 ------- 
 rRNA location = 1443172 sign = + & strand interval = [1, 646880)leading1 & [1655662, 2021842]leading2. Apos Distance to Ori = 52317 & rRNA location between dnaApos and Ori = False 
 -------------------------------------------------------------------------------
2022-12-20 13:27:39,540 WARNING   
 -------- The overlap with rRNA and strand is not correct for NZ_LR134116.1 ------- 
 rRNA location = 4744279 sign = + & strand interval = [19276, 2356714)leading1. Apos Distance to Ori = 105299 & rRNA location between dnaApos and Ori = True 
 -------------------------------------------------------------------------------
2022-12-20 13:27:39,579 WARNING   
 -------- The overlap with rRNA and strand is not correct for NZ_LR134163.1 ------- 
 rRNA location = 2304978 sign = - & strand interval = [218445, 2283916) lagging1. Apos Distance to Ori = 67350 & rRNA location between dnaApos and Ori = True 
 -------------------------------------------------------------------------------
2022-12-20 13:27:39,611 WARNING   
 -------- The overlap with rRNA and strand is not correct for NZ_LR134164.1 ------- 
 rRNA location = 4506360 sign = - & strand interval = [2212735, 4456172) lagging1. Apos Distance to Ori = 95880 & rRNA location between dnaApos and Ori = True 
 -------------------------------------------------------------------------------
2022-12-20 13:27:39,642 WARNING   
 -------- The overlap with rRNA and strand is not correct for NZ_LR134151.1 ------- 
 rRNA location = 5275539 sign = - & strand interval = [2582219, 5271676) lagging1. Apos Distance to Ori = 51177 & rRNA location between dnaApos and Ori = True 
 -------------------------------------------------------------------------------
2022-12-20 13:27:39,673 WARNING   
 -------- The overlap with rRNA and strand is not correct for NZ_LR134189.1 ------- 
 rRNA location = 63351 sign = + & strand interval = [69765, 1963939)leading1. Apos Distance to Ori = 69764 & rRNA location between dnaApos and Ori = True 
 -------------------------------------------------------------------------------
2022-12-20 13:27:40,146 WARNING   
 -------- The overlap with rRNA and strand is not correct for NZ_LR134287.1 ------- 
 rRNA location = 103190 sign = + & strand interval = [117540, 1275541)leading1. Apos Distance to Ori = 490544 & rRNA location between dnaApos and Ori = True 
 -------------------------------------------------------------------------------
2022-12-20 13:27:40,187 WARNING   
 -------- The overlap with rRNA and strand is not correct for NZ_LR134292.1 ------- 
 rRNA location = 1356841 sign = + & strand interval = [1, 712102)leading1 & [1740742, 1781994]leading2. Apos Distance to Ori = 15564 & rRNA location between dnaApos and Ori = False
 rRNA location = 1409609 sign = + & strand interval = [1, 712102)leading1 & [1740742, 1781994]leading2. Apos Distance to Ori = 15564 & rRNA location between dnaApos and Ori = False 
 -------------------------------------------------------------------------------
2022-12-20 13:27:40,792 WARNING   
 -------- The overlap with rRNA and strand is not correct for NZ_LR134372.1 ------- 
 rRNA location = 692611 sign = - & strand interval = [1, 101744)lagging1 & [819230, 1671549]lagging2. Apos Distance to Ori = 101743 & rRNA location between dnaApos and Ori = False 
 -------------------------------------------------------------------------------
2022-12-20 13:27:41,027 WARNING   
 -------- The overlap with rRNA and strand is not correct for NZ_LR134396.1 ------- 
 rRNA location = 63507 sign = + & strand interval = [79166, 1996175)leading1. Apos Distance to Ori = 79165 & rRNA location between dnaApos and Ori = True 
 -------------------------------------------------------------------------------
2022-12-20 13:27:41,073 WARNING   
 -------- The overlap with rRNA and strand is not correct for NZ_LR134440.1 ------- 
 rRNA location = 1541122 sign = + & strand interval = [1, 415921)leading1 & [1541753, 2338720]leading2. Apos Distance to Ori = 197668 & rRNA location between dnaApos and Ori = True 
 -------------------------------------------------------------------------------
2022-12-20 13:27:41,177 WARNING   
 -------- The overlap with rRNA and strand is not correct for NZ_LR134493.1 ------- 
 rRNA location = 1653188 sign = + & strand interval = [1660872, 4134349)leading1. Apos Distance to Ori = 58955 & rRNA location between dnaApos and Ori = True 
 -------------------------------------------------------------------------------
2022-12-20 13:27:41,209 WARNING   
 -------- The overlap with rRNA and strand is not correct for NZ_LR134500.1 ------- 
 rRNA location = 37509 sign = + & strand interval = [47729, 815378)leading1. Apos Distance to Ori = 47728 & rRNA location between dnaApos and Ori = True 
 -------------------------------------------------------------------------------
2022-12-20 13:27:41,209 WARNING   
 -------- The overlap with rRNA and strand is not correct for NZ_LR134499.1 ------- 
 rRNA location = 37544 sign = + & strand interval = [46163, 808878)leading1. Apos Distance to Ori = 46162 & rRNA location between dnaApos and Ori = True 
 -------------------------------------------------------------------------------
2022-12-20 13:27:41,224 WARNING   
 -------- The overlap with rRNA and strand is not correct for NZ_LR134497.1 ------- 
 rRNA location = 39162 sign = + & strand interval = [47168, 806157)leading1. Apos Distance to Ori = 47167 & rRNA location between dnaApos and Ori = True 
 -------------------------------------------------------------------------------
2022-12-20 13:27:41,224 WARNING   
 -------- The overlap with rRNA and strand is not correct for NZ_LR134502.1 ------- 
 rRNA location = 37703 sign = + & strand interval = [40181, 771964)leading1. Apos Distance to Ori = 40180 & rRNA location between dnaApos and Ori = True 
 -------------------------------------------------------------------------------
2022-12-20 13:27:41,224 WARNING   
 -------- The overlap with rRNA and strand is not correct for NZ_LR134496.1 ------- 
 rRNA location = 37384 sign = + & strand interval = [47484, 820405)leading1. Apos Distance to Ori = 47483 & rRNA location between dnaApos and Ori = True 
 -------------------------------------------------------------------------------
2022-12-20 13:27:41,243 WARNING   
 -------- The overlap with rRNA and strand is not correct for NZ_LR134505.1 ------- 
 rRNA location = 39260 sign = + & strand interval = [45051, 790531)leading1. Apos Distance to Ori = 45050 & rRNA location between dnaApos and Ori = True 
 -------------------------------------------------------------------------------
2022-12-20 13:27:41,265 WARNING   
 -------- The overlap with rRNA and strand is not correct for NZ_LR134501.1 ------- 
 rRNA location = 1996778 sign = - & strand interval = [1, 726592)lagging1 & [4030168, 6541268]lagging2. Apos Distance to Ori = 3138698 & rRNA location between dnaApos and Ori = False
 rRNA location = 4195947 sign = + & strand interval = [726592, 4030168)leading1. Apos Distance to Ori = 3138698 & rRNA location between dnaApos and Ori = True
 rRNA location = 4310293 sign = + & strand interval = [726592, 4030168)leading1. Apos Distance to Ori = 3138698 & rRNA location between dnaApos and Ori = True
 rRNA location = 4971328 sign = + & strand interval = [726592, 4030168)leading1. Apos Distance to Ori = 3138698 & rRNA location between dnaApos and Ori = True
 rRNA location = 5373583 sign = + & strand interval = [726592, 4030168)leading1. Apos Distance to Ori = 3138698 & rRNA location between dnaApos and Ori = True 
 -------------------------------------------------------------------------------
2022-12-20 13:27:41,308 WARNING   
 -------- The overlap with rRNA and strand is not correct for NZ_LR134510.1 ------- 
 rRNA location = 790491 sign = + & strand interval = [800151, 1775854)leading1. Apos Distance to Ori = 262582 & rRNA location between dnaApos and Ori = False 
 -------------------------------------------------------------------------------
2022-12-20 13:27:41,326 WARNING   
 -------- The overlap with rRNA and strand is not correct for NZ_LR134511.1 ------- 
 rRNA location = 39251 sign = + & strand interval = [48404, 797011)leading1. Apos Distance to Ori = 48403 & rRNA location between dnaApos and Ori = True 
 -------------------------------------------------------------------------------
2022-12-20 13:27:41,336 WARNING   
 -------- The overlap with rRNA and strand is not correct for NZ_LR134506.1 ------- 
 rRNA location = 203282 sign = - & strand interval = [568397, 1741476) lagging1. Apos Distance to Ori = 663337 & rRNA location between dnaApos and Ori = False 
 -------------------------------------------------------------------------------
2022-12-20 13:27:41,357 WARNING   
 -------- The overlap with rRNA and strand is not correct for NZ_LR134504.1 ------- 
 rRNA location = 1391177 sign = + & strand interval = [1, 420376)leading1 & [1399775, 2878841]leading2. Apos Distance to Ori = 135856 & rRNA location between dnaApos and Ori = True
 rRNA location = 2855157 sign = - & strand interval = [420376, 1399775) lagging1. Apos Distance to Ori = 135856 & rRNA location between dnaApos and Ori = False 
 -------------------------------------------------------------------------------
2022-12-20 13:27:41,573 WARNING   
 -------- The overlap with rRNA and strand is not correct for NZ_LR134531.1 ------- 
 rRNA location = 3929322 sign = - & strand interval = [1971324, 3923350) lagging1. Apos Distance to Ori = 115354 & rRNA location between dnaApos and Ori = True 
 -------------------------------------------------------------------------------
2022-12-20 13:27:41,790 WARNING   
 -------- The overlap with rRNA and strand is not correct for NZ_LR135297.1 ------- 
 rRNA location = 2910837 sign = - & strand interval = [1422778, 2902143) lagging1. Apos Distance to Ori = 27015 & rRNA location between dnaApos and Ori = True 
 -------------------------------------------------------------------------------
2022-12-20 13:27:41,834 WARNING   
 -------- The overlap with rRNA and strand is not correct for NZ_LR135357.1 ------- 
 rRNA location = 2629720 sign = - & strand interval = [1220362, 2598505) lagging1. Apos Distance to Ori = 49535 & rRNA location between dnaApos and Ori = True 
 -------------------------------------------------------------------------------
2022-12-20 13:27:41,894 WARNING   
 -------- The overlap with rRNA and strand is not correct for NZ_LR135474.1 ------- 
 rRNA location = 2413907 sign = - & strand interval = [1247238, 2409825) lagging1. Apos Distance to Ori = 22403 & rRNA location between dnaApos and Ori = True 
 -------------------------------------------------------------------------------
2022-12-20 13:27:42,474 WARNING   
 -------- The overlap with rRNA and strand is not correct for NZ_LR590081.1 ------- 
 rRNA location = 4782955 sign = - & strand interval = [2241830, 4690548) lagging1. Apos Distance to Ori = 148463 & rRNA location between dnaApos and Ori = True 
 -------------------------------------------------------------------------------
2022-12-20 13:27:42,505 WARNING   
 -------- The overlap with rRNA and strand is not correct for NZ_LR590082.1 ------- 
 rRNA location = 4781062 sign = - & strand interval = [2243252, 4691452) lagging1. Apos Distance to Ori = 145666 & rRNA location between dnaApos and Ori = True 
 -------------------------------------------------------------------------------
2022-12-20 13:27:43,021 WARNING   
 -------- The overlap with rRNA and strand is not correct for NZ_LR698965.1 ------- 
 rRNA location = 3357018 sign = - & strand interval = [1, 108192)lagging1 & [1786055, 3357016]lagging2. Apos Distance to Ori = 19315 & rRNA location between dnaApos and Ori = False 
 -------------------------------------------------------------------------------
2022-12-20 13:27:43,198 WARNING   
 -------- The overlap with rRNA and strand is not correct for NZ_LR698992.1 ------- 
 rRNA location = 3424153 sign = - & strand interval = [1732969, 3396377) lagging1. Apos Distance to Ori = 8279 & rRNA location between dnaApos and Ori = False 
 -------------------------------------------------------------------------------
2022-12-20 13:27:43,296 WARNING   
 -------- The overlap with rRNA and strand is not correct for NZ_LR699012.1 ------- 
 rRNA location = 1525 sign = + & strand interval = [1462290, 3128961)leading1. Apos Distance to Ori = 3911 & rRNA location between dnaApos and Ori = False 
 -------------------------------------------------------------------------------
2022-12-20 13:27:43,863 WARNING   
 -------- The overlap with rRNA and strand is not correct for NZ_LR813084.1 ------- 
 rRNA location = 6046963 sign = - & strand interval = [3073063, 5974422) lagging1. Apos Distance to Ori = 152458 & rRNA location between dnaApos and Ori = True
 rRNA location = 6052600 sign = - & strand interval = [3073063, 5974422) lagging1. Apos Distance to Ori = 152458 & rRNA location between dnaApos and Ori = True 
 -------------------------------------------------------------------------------
2022-12-20 13:27:44,649 WARNING   
 -------- The overlap with rRNA and strand is not correct for NZ_LR881936.1 ------- 
 rRNA location = 4758762 sign = - & strand interval = [2329660, 4720715) lagging1. Apos Distance to Ori = 92886 & rRNA location between dnaApos and Ori = True 
 -------------------------------------------------------------------------------
2022-12-20 13:27:44,713 WARNING   
 -------- The overlap with rRNA and strand is not correct for NZ_LR881463.1 ------- 
 rRNA location = 87832 sign = + & strand interval = [91960, 2547467)leading1. Apos Distance to Ori = 59236 & rRNA location between dnaApos and Ori = True 
 -------------------------------------------------------------------------------
2022-12-20 13:27:44,761 WARNING   
 -------- The overlap with rRNA and strand is not correct for NZ_LR881952.1 ------- 
 rRNA location = 1811583 sign = - & strand interval = [1, 29)lagging1 & [3265935, 7838150]lagging2. Apos Distance to Ori = 3897273 & rRNA location between dnaApos and Ori = False
 rRNA location = 4515965 sign = + & strand interval = [29, 3265935)leading1. Apos Distance to Ori = 3897273 & rRNA location between dnaApos and Ori = True
 rRNA location = 4978903 sign = + & strand interval = [29, 3265935)leading1. Apos Distance to Ori = 3897273 & rRNA location between dnaApos and Ori = True
 rRNA location = 6366780 sign = + & strand interval = [29, 3265935)leading1. Apos Distance to Ori = 3897273 & rRNA location between dnaApos and Ori = True
 rRNA location = 6860146 sign = + & strand interval = [29, 3265935)leading1. Apos Distance to Ori = 3897273 & rRNA location between dnaApos and Ori = True 
 -------------------------------------------------------------------------------
2022-12-20 13:27:44,766 WARNING   
 -------- The overlap with rRNA and strand is not correct for NZ_LR881953.1 ------- 
 rRNA location = 977949 sign = - & strand interval = [1, 3116)lagging1 & [4454460, 7837659]lagging2. Apos Distance to Ori = 3894113 & rRNA location between dnaApos and Ori = True
 rRNA location = 1471322 sign = - & strand interval = [1, 3116)lagging1 & [4454460, 7837659]lagging2. Apos Distance to Ori = 3894113 & rRNA location between dnaApos and Ori = True
 rRNA location = 2859210 sign = - & strand interval = [1, 3116)lagging1 & [4454460, 7837659]lagging2. Apos Distance to Ori = 3894113 & rRNA location between dnaApos and Ori = True
 rRNA location = 3322176 sign = - & strand interval = [1, 3116)lagging1 & [4454460, 7837659]lagging2. Apos Distance to Ori = 3894113 & rRNA location between dnaApos and Ori = True
 rRNA location = 6026477 sign = + & strand interval = [3116, 4454460)leading1. Apos Distance to Ori = 3894113 & rRNA location between dnaApos and Ori = False 
 -------------------------------------------------------------------------------
2022-12-20 13:27:45,507 WARNING   
 -------- The overlap with rRNA and strand is not correct for NZ_LR890381.1 ------- 
 rRNA location = 5409987 sign = - & strand interval = [2543702, 5390239) lagging1. Apos Distance to Ori = 70200 & rRNA location between dnaApos and Ori = True 
 -------------------------------------------------------------------------------
2022-12-20 13:27:46,393 WARNING   
 -------- The overlap with rRNA and strand is not correct for NZ_LR890657.1 ------- 
 rRNA location = 5493104 sign = - & strand interval = [2773334, 5392111) lagging1. Apos Distance to Ori = 149430 & rRNA location between dnaApos and Ori = True 
 -------------------------------------------------------------------------------
2022-12-20 13:27:46,545 WARNING   
 -------- The overlap with rRNA and strand is not correct for NZ_LR898874.1 ------- 
 rRNA location = 5214697 sign = - & strand interval = [2456725, 5158548) lagging1. Apos Distance to Ori = 119585 & rRNA location between dnaApos and Ori = True 
 -------------------------------------------------------------------------------
2022-12-20 13:27:46,852 WARNING   
 -------- The overlap with rRNA and strand is not correct for NZ_OW967388.1 ------- 
 rRNA location = 4696345 sign = - & strand interval = [2267244, 4666691) lagging1. Apos Distance to Ori = 121393 & rRNA location between dnaApos and Ori = True 
 -------------------------------------------------------------------------------
2022-12-20 13:27:46,900 WARNING   
 -------- The overlap with rRNA and strand is not correct for NZ_OW967374.1 ------- 
 rRNA location = 1441947 sign = - & strand interval = [2946701, 5971392) lagging1. Apos Distance to Ori = 34138 & rRNA location between dnaApos and Ori = True 
 -------------------------------------------------------------------------------
2022-12-20 13:27:47,184 WARNING   
 -------- The overlap with rRNA and strand is not correct for NZ_OW968328.1 ------- 
 rRNA location = 4841698 sign = - & strand interval = [2361534, 4833486) lagging1. Apos Distance to Ori = 53399 & rRNA location between dnaApos and Ori = True 
 -------------------------------------------------------------------------------
2022-12-20 13:27:47,481 WARNING   
 -------- The overlap with rRNA and strand is not correct for NZ_OU015708.1 ------- 
 rRNA location = 2868039 sign = - & strand interval = [1425729, 2854491) lagging1. Apos Distance to Ori = 31869 & rRNA location between dnaApos and Ori = True 
 -------------------------------------------------------------------------------
2022-12-20 13:27:47,491 WARNING   
 -------- The overlap with rRNA and strand is not correct for NZ_OU015430.1 ------- 
 rRNA location = 2623960 sign = - & strand interval = [1468473, 2568304) lagging1. Apos Distance to Ori = 228965 & rRNA location between dnaApos and Ori = True 
 -------------------------------------------------------------------------------
2022-12-20 13:27:47,510 WARNING   
 -------- The overlap with rRNA and strand is not correct for NZ_OU015350.1 ------- 
 rRNA location = 2954107 sign = - & strand interval = [1374156, 2949533) lagging1. Apos Distance to Ori = 22894 & rRNA location between dnaApos and Ori = True 
 -------------------------------------------------------------------------------
2022-12-20 13:27:47,626 WARNING   
 -------- The overlap with rRNA and strand is not correct for NZ_OU016027.1 ------- 
 rRNA location = 2874990 sign = - & strand interval = [1350276, 2821727) lagging1. Apos Distance to Ori = 71584 & rRNA location between dnaApos and Ori = True 
 -------------------------------------------------------------------------------
2022-12-20 13:27:47,645 WARNING   
 -------- The overlap with rRNA and strand is not correct for NZ_OU016036.1 ------- 
 rRNA location = 2878572 sign = - & strand interval = [1354075, 2822762) lagging1. Apos Distance to Ori = 74132 & rRNA location between dnaApos and Ori = True 
 -------------------------------------------------------------------------------
2022-12-20 13:27:47,797 WARNING   
 -------- The overlap with rRNA and strand is not correct for NZ_OU701461.1 ------- 
 rRNA location = 652415 sign = - & strand interval = [1, 46873)lagging1 & [808558, 1620659]lagging2. Apos Distance to Ori = 46872 & rRNA location between dnaApos and Ori = False 
 -------------------------------------------------------------------------------
2022-12-20 13:27:48,108 WARNING   
 -------- The overlap with rRNA and strand is not correct for NZ_OV049808.1 ------- 
 rRNA location = 2126568 sign = - & strand interval = [1, 2120124)lagging1 & [4940948, 5472770]lagging2. Apos Distance to Ori = 67873 & rRNA location between dnaApos and Ori = True 
 -------------------------------------------------------------------------------
2022-12-20 13:27:48,123 WARNING   
 -------- The overlap with rRNA and strand is not correct for NZ_OW441264.1 ------- 
 rRNA location = 93990 sign = + & strand interval = [95616, 542156)leading1. Apos Distance to Ori = 396241 & rRNA location between dnaApos and Ori = True 
 -------------------------------------------------------------------------------
2022-12-20 13:27:48,239 WARNING   
 -------- The overlap with rRNA and strand is not correct for NZ_OW703833.1 ------- 
 rRNA location = 1018761 sign = + & strand interval = [2412, 966656)leading1. Apos Distance to Ori = 2411 & rRNA location between dnaApos and Ori = False 
 -------------------------------------------------------------------------------
2022-12-20 13:27:48,273 WARNING   
 -------- The overlap with rRNA and strand is not correct for NZ_OW706512.1 ------- 
 rRNA location = 3040515 sign = - & strand interval = [854593, 3038559) lagging1. Apos Distance to Ori = 58013 & rRNA location between dnaApos and Ori = True 
 -------------------------------------------------------------------------------
2022-12-20 13:27:48,292 WARNING   
 -------- The overlap with rRNA and strand is not correct for NZ_OW704627.1 ------- 
 rRNA location = 1357919 sign = + & strand interval = [1364093, 3582074)leading1. Apos Distance to Ori = 62232 & rRNA location between dnaApos and Ori = True 
 -------------------------------------------------------------------------------
2022-12-20 13:27:48,395 WARNING    Nr of records with rRNA and strand non-overlap: 71
2022-12-20 13:27:51,671 DEBUG    STREAM b'IHDR' 16 13
2022-12-20 13:27:51,671 DEBUG    STREAM b'sBIT' 41 4
2022-12-20 13:27:51,671 DEBUG    b'sBIT' 41 4 (unknown)
2022-12-20 13:27:51,671 DEBUG    STREAM b'pHYs' 57 9
2022-12-20 13:27:51,671 DEBUG    STREAM b'IDAT' 78 696
2022-12-20 13:27:51,671 DEBUG    STREAM b'IHDR' 16 13
2022-12-20 13:27:51,671 DEBUG    STREAM b'sBIT' 41 4
2022-12-20 13:27:51,671 DEBUG    b'sBIT' 41 4 (unknown)
2022-12-20 13:27:51,671 DEBUG    STREAM b'pHYs' 57 9
2022-12-20 13:27:51,671 DEBUG    STREAM b'IDAT' 78 526
2022-12-20 13:27:51,671 DEBUG    STREAM b'IHDR' 16 13
2022-12-20 13:27:51,671 DEBUG    STREAM b'sBIT' 41 4
2022-12-20 13:27:51,671 DEBUG    b'sBIT' 41 4 (unknown)
2022-12-20 13:27:51,671 DEBUG    STREAM b'pHYs' 57 9
2022-12-20 13:27:51,671 DEBUG    STREAM b'IDAT' 78 499
2022-12-20 13:27:51,671 DEBUG    STREAM b'IHDR' 16 13
2022-12-20 13:27:51,671 DEBUG    STREAM b'sBIT' 41 4
2022-12-20 13:27:51,671 DEBUG    b'sBIT' 41 4 (unknown)
2022-12-20 13:27:51,671 DEBUG    STREAM b'pHYs' 57 9
2022-12-20 13:27:51,671 DEBUG    STREAM b'IDAT' 78 673
2022-12-20 13:27:51,671 DEBUG    STREAM b'IHDR' 16 13
2022-12-20 13:27:51,671 DEBUG    STREAM b'sBIT' 41 4
2022-12-20 13:27:51,671 DEBUG    b'sBIT' 41 4 (unknown)
2022-12-20 13:27:51,671 DEBUG    STREAM b'pHYs' 57 9
2022-12-20 13:27:51,671 DEBUG    STREAM b'IDAT' 78 922
2022-12-20 13:27:51,671 DEBUG    STREAM b'IHDR' 16 13
2022-12-20 13:27:51,671 DEBUG    STREAM b'sBIT' 41 4
2022-12-20 13:27:51,671 DEBUG    b'sBIT' 41 4 (unknown)
2022-12-20 13:27:51,671 DEBUG    STREAM b'pHYs' 57 9
2022-12-20 13:27:51,671 DEBUG    STREAM b'IDAT' 78 568
2022-12-20 13:27:51,671 DEBUG    STREAM b'IHDR' 16 13
2022-12-20 13:27:51,671 DEBUG    STREAM b'sBIT' 41 4
2022-12-20 13:27:51,671 DEBUG    b'sBIT' 41 4 (unknown)
2022-12-20 13:27:51,671 DEBUG    STREAM b'pHYs' 57 9
2022-12-20 13:27:51,671 DEBUG    STREAM b'IDAT' 78 626
