2022-12-06 12:04:51,100 INFO     Logging verbose set to False
2022-12-06 12:05:16,335 WARNING   
No rRNA was found for NC_005824.1
2022-12-06 12:07:31,633 WARNING   
No rRNA was found for NC_007953.1
2022-12-06 12:08:29,997 WARNING   
No rRNA was found for NC_009456.1
2022-12-06 12:08:30,532 WARNING   
No rRNA was found for NC_011983.1
2022-12-06 12:08:47,084 WARNING   
No rRNA was found for NC_010845.1
2022-12-06 12:08:54,047 WARNING   
No rRNA was found for NC_009828.1
2022-12-06 12:08:54,047 WARNING   
No rRNA was found for NC_009802.2
2022-12-06 12:08:54,047 WARNING   
No rRNA was found for NC_009767.1
2022-12-06 12:08:54,047 WARNING   
No rRNA was found for NC_009848.4
2022-12-06 12:08:54,048 WARNING   
No rRNA was found for NC_009800.1
2022-12-06 12:08:54,048 WARNING   
No rRNA was found for NC_009778.1
2022-12-06 12:08:54,048 WARNING   
No rRNA was found for NC_009831.1
2022-12-06 12:08:54,048 WARNING   
No rRNA was found for NC_009801.1
2022-12-06 12:10:18,872 WARNING   
No rRNA was found for NC_012583.1
2022-12-06 12:10:20,092 WARNING   
No rRNA was found for NC_012580.1
2022-12-06 12:10:34,762 WARNING   
No rRNA was found for NC_012667.1
2022-12-06 12:13:06,380 WARNING   
No rRNA was found for NC_004343.2
2022-12-06 12:13:56,542 WARNING   
No rRNA was found for NC_015596.1
2022-12-06 12:14:36,741 WARNING   
No rRNA was found for NC_016446.1
2022-12-06 12:15:21,736 WARNING   
No rRNA was found for NC_016628.1
2022-12-06 12:15:42,567 WARNING   
No rRNA was found for NC_015164.1
2022-12-06 12:15:42,572 WARNING   
No rRNA was found for NC_017514.1
2022-12-06 12:15:42,573 WARNING   
No rRNA was found for NC_015177.1
2022-12-06 12:15:42,574 WARNING   
No rRNA was found for NC_016603.1
2022-12-06 12:15:42,575 WARNING   
No rRNA was found for NC_017513.1
2022-12-06 12:16:11,935 WARNING   
No rRNA was found for NC_000962.3
2022-12-06 12:16:11,936 WARNING   
No rRNA was found for NC_003210.1
2022-12-06 12:18:42,492 WARNING   
No rRNA was found for NC_017552.1
2022-12-06 12:19:20,178 WARNING   
No rRNA was found for NZ_CP011040.1
2022-12-06 12:19:56,431 WARNING   
No rRNA was found for NC_016945.1
2022-12-06 12:22:35,770 WARNING   
No rRNA was found for NZ_CP013949.1
2022-12-06 12:23:31,076 WARNING   
No rRNA was found for NZ_CP006695.1
2022-12-06 12:24:16,667 WARNING   
No rRNA was found for NC_020126.1
2022-12-06 12:24:16,667 WARNING   
No rRNA was found for NC_020163.1
2022-12-06 12:24:16,670 WARNING   
No rRNA was found for NZ_CP011394.1
2022-12-06 12:24:16,670 WARNING   
No rRNA was found for NC_020210.1
2022-12-06 12:24:16,671 WARNING   
No rRNA was found for NC_020211.1
2022-12-06 12:24:16,671 WARNING   
No rRNA was found for NZ_CP032527.2
2022-12-06 12:24:16,672 WARNING   
No rRNA was found for NC_020181.1
2022-12-06 12:24:16,674 WARNING   
No rRNA was found for NZ_CP019035.1
2022-12-06 12:25:32,155 WARNING   
No rRNA was found for NC_021288.1
2022-12-06 12:26:30,109 WARNING   
No rRNA was found for NC_021810.1
2022-12-06 12:26:30,112 WARNING   
No rRNA was found for NC_021814.1
2022-12-06 12:26:30,114 WARNING   
No rRNA was found for NC_021820.1
2022-12-06 12:26:30,116 WARNING   
No rRNA was found for NC_021818.1
2022-12-06 12:26:30,119 WARNING   
No rRNA was found for NC_021821.1
2022-12-06 12:26:30,125 WARNING   
No rRNA was found for NC_021848.1
2022-12-06 12:26:30,130 WARNING   
No rRNA was found for NC_021847.1
2022-12-06 12:26:30,133 WARNING   
No rRNA was found for NZ_CP053205.2
2022-12-06 12:27:59,928 WARNING   
No rRNA was found for NC_022234.1
2022-12-06 12:28:25,700 WARNING   
No rRNA was found for NC_022224.1
2022-12-06 12:29:44,628 WARNING   
No rRNA was found for NZ_CP017727.1
2022-12-06 12:29:44,632 WARNING   
No rRNA was found for NZ_CP017728.1
2022-12-06 12:29:44,634 WARNING   
No rRNA was found for NZ_CP019185.1
2022-12-06 12:30:03,402 WARNING   
No rRNA was found for NZ_CP019184.1
2022-12-06 12:30:03,404 WARNING   
No rRNA was found for NZ_CP019198.1
2022-12-06 12:30:03,407 WARNING   
No rRNA was found for NZ_CP019183.1
2022-12-06 12:30:03,408 WARNING   
No rRNA was found for NZ_CP019201.1
2022-12-06 12:30:03,410 WARNING   
No rRNA was found for NZ_CP019177.1
2022-12-06 12:30:03,415 WARNING   
No rRNA was found for NZ_CP012344.2
2022-12-06 12:30:03,416 WARNING   
No rRNA was found for NZ_CP019178.1
2022-12-06 12:30:03,422 WARNING   
No rRNA was found for NZ_CP007534.1
2022-12-06 12:30:03,429 WARNING   
No rRNA was found for NZ_CP007533.1
2022-12-06 12:30:04,990 WARNING   
No rRNA was found for NZ_CP019189.1
2022-12-06 12:30:04,991 WARNING   
No rRNA was found for NC_022544.1
2022-12-06 12:35:10,506 WARNING   
No rRNA was found for NZ_HG917869.1
2022-12-06 12:42:20,377 WARNING   
No rRNA was found for NZ_CP022111.1
2022-12-06 12:47:02,659 WARNING   
No rRNA was found for NZ_CP008761.1
2022-12-06 12:49:23,251 WARNING   
No rRNA was found for NZ_CP009265.1
2022-12-06 12:49:34,553 WARNING   
No rRNA was found for NZ_CP007635.1
2022-12-06 12:50:59,086 WARNING   
No rRNA was found for NZ_CP009355.1
2022-12-06 12:50:59,156 WARNING   
No rRNA was found for NZ_CP009618.1
2022-12-06 12:52:06,340 WARNING   
No rRNA was found for NZ_LK021129.1
2022-12-06 12:52:29,513 WARNING   
No rRNA was found for NZ_CP012997.1
2022-12-06 12:52:33,229 WARNING   
No rRNA was found for NZ_CP009889.1
2022-12-06 12:53:25,884 WARNING   
No rRNA was found for NC_022543.1
2022-12-06 12:57:26,163 WARNING   
No rRNA was found for NZ_AP014525.1
2022-12-06 13:02:40,136 WARNING   
No rRNA was found for NZ_CP005973.1
2022-12-06 13:02:57,603 WARNING   
No rRNA was found for NZ_CP006724.1
2022-12-06 13:04:38,429 WARNING   
No rRNA was found for NZ_CP010800.1
2022-12-06 13:05:37,422 WARNING   
No rRNA was found for NZ_CP009041.1
2022-12-06 13:09:25,924 WARNING   
No rRNA was found for NZ_CP011411.1
2022-12-06 13:14:33,164 WARNING   
No rRNA was found for NZ_CP011932.1
2022-12-06 13:14:33,312 WARNING   
No rRNA was found for NZ_CP011935.1
2022-12-06 13:17:40,799 WARNING   
No rRNA was found for NZ_LT907990.1
2022-12-06 13:20:49,677 WARNING   
No rRNA was found for NZ_CP012604.1
2022-12-06 13:21:46,720 WARNING   
No rRNA was found for NZ_CP012404.1
2022-12-06 13:23:08,139 WARNING   
No rRNA was found for NZ_CP006948.1
2022-12-06 13:24:28,569 WARNING   
No rRNA was found for NZ_CP006367.1
2022-12-06 13:25:09,742 WARNING   
No rRNA was found for NZ_CP013489.1
2022-12-06 13:25:25,903 WARNING   
No rRNA was found for NZ_CP013353.1
2022-12-06 13:28:26,987 WARNING   
No rRNA was found for NZ_AP014636.1
2022-12-06 13:28:51,814 WARNING   
No rRNA was found for NZ_CP014055.2
2022-12-06 13:28:55,237 WARNING   
No rRNA was found for NZ_CP014307.1
2022-12-06 13:29:02,822 WARNING   
No rRNA was found for NZ_CP014042.2
2022-12-06 13:29:04,733 WARNING   
No rRNA was found for NZ_CP014315.1
2022-12-06 13:29:06,316 WARNING   
No rRNA was found for NZ_CP014034.2
2022-12-06 13:30:08,696 WARNING   
No rRNA was found for NZ_CP014507.1
2022-12-06 13:30:09,344 WARNING   
No rRNA was found for NZ_CP014506.1
2022-12-06 13:30:20,716 WARNING   
No rRNA was found for NZ_CP010994.1
2022-12-06 13:30:20,717 WARNING   
No rRNA was found for NZ_CP007440.1
2022-12-06 13:30:20,717 WARNING   
No rRNA was found for NZ_CP013262.2
2022-12-06 13:30:20,717 WARNING   
No rRNA was found for NZ_CP013260.2
2022-12-06 13:30:20,718 WARNING   
No rRNA was found for NZ_CP013261.1
2022-12-06 13:30:20,719 WARNING   
No rRNA was found for NZ_CP011927.1
2022-12-06 13:30:20,720 WARNING   
No rRNA was found for NZ_CP014546.1
2022-12-06 13:30:20,720 WARNING   
No rRNA was found for NZ_CP010951.1
2022-12-06 13:30:20,721 WARNING   
No rRNA was found for NZ_CP014566.1
2022-12-06 13:30:20,721 WARNING   
No rRNA was found for NZ_CP011971.1
2022-12-06 13:32:21,005 WARNING   
No rRNA was found for NZ_CP013349.1
2022-12-06 13:33:27,445 WARNING   
No rRNA was found for NZ_CP011258.1
2022-12-06 13:34:17,452 WARNING   
No rRNA was found for NZ_CP014705.1
