2022-12-19 15:13:41,486 INFO     Logging verbose set to False
2022-12-19 15:17:36,458 WARNING   
 -------- No rRNA was found for: --------  
 NZ_AP024957.1 
 -------------------------------------------------------------------------------
2022-12-19 15:17:36,460 DEBUG    OK! No faulty records from NCBI recorded!
2022-12-19 15:17:38,402 WARNING   
 -------- The overlap with rRNA and strand is not correct for NZ_CP076620.1 ------- 
 rRNA location = 9930 sign = + & strand interval = [22013, 1808938)leading1. Apos Distance to Ori = 21337 & rRNA location between dnaApos and Ori = True 
 -------------------------------------------------------------------------------
2022-12-19 15:17:38,535 WARNING    Nr of records with rRNA and strand non-overlap: 1
2022-12-19 15:34:49,824 DEBUG    Loaded backend tkagg version unknown.
2022-12-19 15:34:50,592 DEBUG    STREAM b'IHDR' 16 13
2022-12-19 15:34:50,593 DEBUG    STREAM b'sBIT' 41 4
2022-12-19 15:34:50,593 DEBUG    b'sBIT' 41 4 (unknown)
2022-12-19 15:34:50,594 DEBUG    STREAM b'pHYs' 57 9
2022-12-19 15:34:50,595 DEBUG    STREAM b'IDAT' 78 1189
2022-12-19 15:34:50,646 DEBUG    STREAM b'IHDR' 16 13
2022-12-19 15:34:50,646 DEBUG    STREAM b'sBIT' 41 4
2022-12-19 15:34:50,647 DEBUG    b'sBIT' 41 4 (unknown)
2022-12-19 15:34:50,647 DEBUG    STREAM b'pHYs' 57 9
2022-12-19 15:34:50,647 DEBUG    STREAM b'IDAT' 78 2994
2022-12-19 15:34:50,786 DEBUG    STREAM b'IHDR' 16 13
2022-12-19 15:34:50,786 DEBUG    STREAM b'sBIT' 41 4
2022-12-19 15:34:50,787 DEBUG    b'sBIT' 41 4 (unknown)
2022-12-19 15:34:50,787 DEBUG    STREAM b'pHYs' 57 9
2022-12-19 15:34:50,787 DEBUG    STREAM b'IDAT' 78 696
2022-12-19 15:34:50,808 DEBUG    STREAM b'IHDR' 16 13
2022-12-19 15:34:50,808 DEBUG    STREAM b'sBIT' 41 4
2022-12-19 15:34:50,809 DEBUG    b'sBIT' 41 4 (unknown)
2022-12-19 15:34:50,809 DEBUG    STREAM b'pHYs' 57 9
2022-12-19 15:34:50,809 DEBUG    STREAM b'IDAT' 78 526
2022-12-19 15:34:50,817 DEBUG    STREAM b'IHDR' 16 13
2022-12-19 15:34:50,818 DEBUG    STREAM b'sBIT' 41 4
2022-12-19 15:34:50,818 DEBUG    b'sBIT' 41 4 (unknown)
2022-12-19 15:34:50,818 DEBUG    STREAM b'pHYs' 57 9
2022-12-19 15:34:50,818 DEBUG    STREAM b'IDAT' 78 499
2022-12-19 15:34:50,828 DEBUG    STREAM b'IHDR' 16 13
2022-12-19 15:34:50,828 DEBUG    STREAM b'sBIT' 41 4
2022-12-19 15:34:50,829 DEBUG    b'sBIT' 41 4 (unknown)
2022-12-19 15:34:50,829 DEBUG    STREAM b'pHYs' 57 9
2022-12-19 15:34:50,829 DEBUG    STREAM b'IDAT' 78 673
2022-12-19 15:34:50,838 DEBUG    STREAM b'IHDR' 16 13
2022-12-19 15:34:50,838 DEBUG    STREAM b'sBIT' 41 4
2022-12-19 15:34:50,838 DEBUG    b'sBIT' 41 4 (unknown)
2022-12-19 15:34:50,839 DEBUG    STREAM b'pHYs' 57 9
2022-12-19 15:34:50,839 DEBUG    STREAM b'IDAT' 78 922
2022-12-19 15:34:50,846 DEBUG    STREAM b'IHDR' 16 13
2022-12-19 15:34:50,846 DEBUG    STREAM b'sBIT' 41 4
2022-12-19 15:34:50,846 DEBUG    b'sBIT' 41 4 (unknown)
2022-12-19 15:34:50,847 DEBUG    STREAM b'pHYs' 57 9
2022-12-19 15:34:50,847 DEBUG    STREAM b'IDAT' 78 568
2022-12-19 15:34:50,852 DEBUG    STREAM b'IHDR' 16 13
2022-12-19 15:34:50,852 DEBUG    STREAM b'sBIT' 41 4
2022-12-19 15:34:50,853 DEBUG    b'sBIT' 41 4 (unknown)
2022-12-19 15:34:50,853 DEBUG    STREAM b'pHYs' 57 9
2022-12-19 15:34:50,853 DEBUG    STREAM b'IDAT' 78 626
