2022-11-28 14:32:00,213 INFO     Logging verbose set to False
2022-11-28 14:42:19,460 WARNING   
No rRNA was found for NZ_AP019650.1
2022-11-28 14:42:21,425 WARNING   
No rRNA was found for NZ_AP019652.1
2022-11-28 14:42:25,292 WARNING   
No rRNA was found for NZ_AP019655.1
2022-11-28 14:42:48,985 WARNING   
No rRNA was found for NZ_AP019658.1
2022-11-28 14:43:02,344 WARNING   
No rRNA was found for NZ_AP022318.1
2022-11-28 14:51:02,291 WARNING   
No rRNA was found for NZ_CP047476.1
2022-11-28 14:56:42,280 WARNING   
No rRNA was found for NZ_CP048831.1
2022-11-28 15:02:40,357 WARNING   
No rRNA was found for NZ_CP049332.1
2022-11-28 15:05:12,064 WARNING   
No rRNA was found for NZ_CP048694.1
2022-11-28 15:16:51,422 WARNING   
No rRNA was found for NZ_CP050267.1
2022-11-28 15:35:09,660 DEBUG    OK! No faulty records from NCBI recorded!
