2022-12-20 16:17:00,494 INFO     Logging verbose set to False
2022-12-20 16:19:49,210 WARNING  Faulty records from NCBI: []
2022-12-20 16:19:49,210 WARNING   
 -------- No rRNA was found for: --------  
 NZ_CP064381.1 
 NZ_CP084263.1 
 NZ_CP084286.1 
 NZ_CP084274.1 
 -------------------------------------------------------------------------------
2022-12-20 16:19:51,321 WARNING   
 -------- The overlap with rRNA and strand is not correct for NZ_AP025667.1 ------- 
 rRNA location = 763107 sign = + & strand interval = [1, 404625)leading1 & [3208087, 6542273]leading2. Apos Distance to Ori = 3124340 & rRNA location between dnaApos and Ori = True
 rRNA location = 1914989 sign = + & strand interval = [1, 404625)leading1 & [3208087, 6542273]leading2. Apos Distance to Ori = 3124340 & rRNA location between dnaApos and Ori = True
 rRNA location = 2403627 sign = + & strand interval = [1, 404625)leading1 & [3208087, 6542273]leading2. Apos Distance to Ori = 3124340 & rRNA location between dnaApos and Ori = True
 rRNA location = 5013073 sign = - & strand interval = [404625, 3208087) lagging1. Apos Distance to Ori = 3124340 & rRNA location between dnaApos and Ori = False
 rRNA location = 6239888 sign = - & strand interval = [404625, 3208087) lagging1. Apos Distance to Ori = 3124340 & rRNA location between dnaApos and Ori = False 
 -------------------------------------------------------------------------------
2022-12-20 16:19:51,373 WARNING   
 -------- The overlap with rRNA and strand is not correct for NZ_CP094998.1 ------- 
 rRNA location = 3322695 sign = + & strand interval = [64, 2348306)leading1. Apos Distance to Ori = 1350333 & rRNA location between dnaApos and Ori = False 
 -------------------------------------------------------------------------------
2022-12-20 16:19:51,428 WARNING   
 -------- The overlap with rRNA and strand is not correct for NZ_CP094997.1 ------- 
 rRNA location = 5506603 sign = - & strand interval = [1678019, 5338704) lagging1. Apos Distance to Ori = 1833192 & rRNA location between dnaApos and Ori = True 
 -------------------------------------------------------------------------------
2022-12-20 16:19:51,596 WARNING   
 -------- The overlap with rRNA and strand is not correct for NZ_CP091522.1 ------- 
 rRNA location = 2748979 sign = - & strand interval = [1320688, 2670553) lagging1. Apos Distance to Ori = 428467 & rRNA location between dnaApos and Ori = True 
 -------------------------------------------------------------------------------
2022-12-20 16:19:51,691 WARNING   
 -------- The overlap with rRNA and strand is not correct for NZ_CP091509.1 ------- 
 rRNA location = 886 sign = + & strand interval = [36091, 1378710)leading1. Apos Distance to Ori = 253653 & rRNA location between dnaApos and Ori = False 
 -------------------------------------------------------------------------------
2022-12-20 16:19:51,775 WARNING   
 -------- The overlap with rRNA and strand is not correct for NZ_CP091516.1 ------- 
 rRNA location = 2271392 sign = - & strand interval = [1170835, 2179070) lagging1. Apos Distance to Ori = 223392 & rRNA location between dnaApos and Ori = True 
 -------------------------------------------------------------------------------
2022-12-20 16:19:51,864 WARNING   
 -------- The overlap with rRNA and strand is not correct for NZ_CP095083.1 ------- 
 rRNA location = 5195119 sign = - & strand interval = [2536212, 5171351) lagging1. Apos Distance to Ori = 81301 & rRNA location between dnaApos and Ori = True 
 -------------------------------------------------------------------------------
2022-12-20 16:19:52,020 WARNING   
 -------- The overlap with rRNA and strand is not correct for NZ_CP095061.1 ------- 
 rRNA location = 26051 sign = + & strand interval = [93769, 2607224)leading1. Apos Distance to Ori = 1381696 & rRNA location between dnaApos and Ori = True 
 -------------------------------------------------------------------------------
2022-12-20 16:19:52,433 WARNING    Nr of records with rRNA and strand non-overlap: 8
