2022-12-19 09:33:47,474 INFO     Logging verbose set to False
2022-12-19 09:36:23,672 WARNING   
 -------- No rRNA was found for: --------  
 NZ_CP055061.1 
 NZ_CP055184.1 
 NZ_CP055070.1 
 NZ_CP055216.1 
 NZ_CP055057.1 
 NZ_CP055066.1 
 NZ_CP055075.1 
 NZ_CP055181.1 
 NZ_CP055186.1 
 NZ_CP055194.1 
 NZ_CP055099.1 
 NZ_CP055106.1 
 NZ_CP055096.1 
 NZ_CP055113.1 
 NZ_CP055119.1 
 NZ_CP055109.1 
 NZ_CP059398.1 
 NZ_CP069080.1 
 NZ_CP031970.1 
 NZ_CP062312.1 
 NZ_CP070890.1 
 NZ_CP071027.1 
 NZ_CP062314.1 
 NZ_CP062318.1 
 NZ_CP080272.1 
 NZ_CP080273.1 
 NZ_CP080274.1 
 NZ_CP091318.1 
 NZ_CP083805.1 
 NZ_CP062358.1 
 NZ_CP092648.1 
 NZ_CP092647.1 
 NZ_CP092652.1 
 NZ_CP092639.1 
 NZ_CP092641.1 
 NZ_CP092656.1 
 NZ_CP092673.1 
 NZ_CP092678.1 
 NZ_CP092666.1 
 -------------------------------------------------------------------------------
2022-12-19 09:36:23,679 WARNING  Faulty records from NCBI: ['NZ_CP055055.1', 'NZ_CP055219.1', 'NZ_CP055092.1', 'NZ_CP031168.1', 'NZ_CP059690.1', 'NZ_CP091427.1', 'NZ_CP092423.1', 'NZ_CP092445.1', 'NZ_CP062322.1', 'NZ_CP059323.1', 'NZ_CP062354.1', 'NZ_CP062376.1', 'NZ_CP062400.1', 'NZ_CP062411.1', 'NZ_CP063745.1', 'NZ_CP019516.1', 'NZ_CP091125.1', 'NZ_CP092681.1', 'NZ_CP092676.1', 'NZ_CP092629.1', 'NZ_CP092683.1', 'NZ_CP092689.1', 'NZ_CP092682.1', 'NZ_CP092672.1', 'NZ_CP092630.1', 'NZ_CP091360.1', 'NZ_CP091359.1', 'NZ_CP091361.1', 'NZ_CP092632.1', 'NZ_CP092634.1', 'NZ_CP091363.1', 'NZ_CP091372.1', 'NZ_CP091373.1', 'NZ_CP091368.1', 'NZ_CP091362.1', 'NZ_CP091369.1', 'NZ_CP091366.1', 'NZ_CP091367.1', 'NZ_CP091364.1', 'NZ_CP091365.1', 'NZ_CP091376.1', 'NZ_CP091377.1', 'NZ_CP091378.1', 'NZ_CP091375.1', 'NZ_CP091335.1', 'NZ_CP091371.1', 'NZ_CP091334.1', 'NZ_CP091374.1', 'NZ_CP091370.1', 'NZ_CP091333.1', 'NZ_CP091342.1', 'NZ_CP091337.1', 'NZ_CP091343.1', 'NZ_CP091336.1', 'NZ_CP091344.1', 'NZ_CP091345.1', 'NZ_CP091339.1', 'NZ_CP091340.1', 'NZ_CP091341.1', 'NZ_CP091338.1', 'NZ_CP091350.1', 'NZ_CP091349.1', 'NZ_CP091354.1', 'NZ_CP091348.1', 'NZ_CP091355.1', 'NZ_CP091347.1', 'NZ_CP091353.1', 'NZ_CP091346.1', 'NZ_CP091351.1', 'NZ_CP091352.1', 'NZ_CP092736.1', 'NZ_CP092741.1', 'NZ_CP092739.1', 'NZ_CP089307.1', 'NZ_CP091356.1', 'NZ_CP092711.1', 'NZ_CP091357.1', 'NZ_CP092750.1', 'NZ_CP092070.1', 'NZ_CP092702.1', 'NZ_CP092781.1', 'NZ_CP092783.1', 'NZ_CP092743.1', 'NZ_CP092778.1', 'NZ_CP028732.1', 'NZ_CP092779.1', 'NZ_CP028734.1', 'NZ_CP092765.1', 'NZ_CP092759.1', 'NZ_CP092753.1', 'NZ_CP092782.1', 'NZ_CP062439.1', 'NZ_CP028733.1', 'NZ_CP028740.1', 'NZ_CP028739.1', 'NZ_CP028735.1', 'NZ_CP028737.1', 'NZ_CP028743.1', 'NZ_CP028741.1', 'NZ_CP028738.1', 'NZ_CP028746.1', 'NZ_CP028748.1', 'NZ_CP028742.1', 'NZ_CP028751.1', 'NZ_CP028750.1', 'NZ_CP028752.1', 'NZ_CP028745.1', 'NZ_CP028747.1', 'NZ_CP028749.1', 'NZ_CP028744.1', 'NZ_CP028757.1', 'NZ_CP028753.1', 'NZ_CP028761.1', 'NZ_CP028758.1', 'NZ_CP028759.1', 'NZ_CP028760.1', 'NZ_CP028762.1', 'NZ_CP028756.1', 'NZ_CP028754.1', 'NZ_CP028755.1', 'NZ_CP028765.1', 'NZ_CP028767.1', 'NZ_CP028763.1', 'NZ_CP028769.1', 'NZ_CP029328.1', 'NZ_CP028766.1', 'NZ_CP028771.1', 'NZ_CP028764.1', 'NZ_CP028768.1', 'NZ_CP028770.1', 'NZ_CP042323.1', 'NZ_CP058833.1', 'NZ_CP058826.1', 'NZ_CP028772.1', 'NZ_CP058831.1', 'NZ_CP058828.1', 'NZ_CP058879.1', 'NZ_CP058859.1', 'NZ_CP058857.1', 'NZ_CP029327.1', 'NZ_CP058853.1', 'NZ_CP058886.1', 'NZ_CP058748.1', 'NZ_CP058874.1', 'NZ_CP058869.1', 'NZ_CP058743.1', 'NZ_CP058846.1', 'NZ_CP058849.1', 'NZ_CP058839.1', 'NZ_CP058866.1', 'NZ_CP072523.1', 'NZ_CP088158.1', 'NZ_CP058786.1', 'NZ_CP058790.1', 'NZ_CP088157.1', 'NZ_CP058758.1', 'NZ_CP058796.1', 'NZ_CP058752.1', 'NZ_CP058780.1', 'NZ_CP086393.1', 'NZ_CP091691.1', 'NZ_CP091662.1', 'NZ_CP091652.1', 'NZ_CP091659.1', 'NZ_CP091664.1', 'NZ_CP091673.1', 'NZ_CP091677.1', 'NZ_CP091682.1', 'NZ_CP091651.1', 'NZ_CP091665.1', 'NZ_CP041759.1', 'NZ_CP092857.1', 'NZ_CP041784.1', 'NZ_CP042303.1', 'NZ_CP091712.1', 'NZ_CP091703.1', 'NZ_CP042302.1', 'NZ_CP091704.1', 'NZ_CP091700.1', 'NZ_AP025180.1', 'NZ_CP092853.1', 'NZ_CP092887.1', 'NZ_CP092825.1', 'NZ_CP092852.1', 'NZ_CP092851.1', 'NZ_CP092833.1', 'NZ_CP092831.1', 'NZ_CP092786.1', 'NZ_CP092846.1', 'NZ_CP092793.1', 'NZ_CP054394.1', 'NZ_CP091358.1', 'NZ_CP092861.1', 'NZ_CP092906.1', 'NZ_CP092901.1', 'NZ_CP092827.1', 'NZ_CP092387.1', 'NZ_CP092830.1', 'NZ_CP092915.1', 'NZ_CP066123.1', 'NZ_CP060156.1', 'NZ_CP092907.1', 'NZ_CP090184.1', 'NZ_CP054699.1', 'NZ_CP090305.1', 'NZ_CP092911.1', 'NZ_CP092923.1', 'NZ_CP060441.1', 'NZ_CP073002.1', 'NZ_CP092918.1', 'NZ_CP060880.1', 'NZ_CP060867.1', 'NZ_CP060987.1', 'NZ_CP060908.1', 'NZ_CP060892.1', 'NZ_CP060899.1', 'NZ_CP060885.1', 'NZ_CP060924.1', 'NZ_CP060902.1', 'NZ_CP060873.1', 'NZ_CP060914.1', 'NZ_CP060938.1', 'NZ_CP060950.1', 'NZ_CP060928.1', 'NZ_CP043279.1', 'NZ_CP043274.1', 'NZ_CP043284.1', 'NZ_CP060919.1', 'NZ_CP060933.1', 'NZ_CP060946.1', 'NZ_CP060837.1', 'NZ_CP043295.1', 'NZ_CP060834.1', 'NZ_CP060979.1', 'NZ_CP060840.1', 'NZ_CP060974.1', 'NZ_CP060969.1', 'NZ_CP043334.1', 'NZ_CP060963.1', 'NZ_CP060953.1', 'NZ_CP087114.1', 'NZ_CP060844.1', 'NZ_CP060855.1', 'NZ_CP092973.1', 'NZ_CP044132.1', 'NZ_CP060846.1', 'NZ_CP060852.1', 'NZ_CP060849.1', 'NZ_CP070508.1', 'NZ_CP080405.1', 'NZ_CP093034.1', 'NZ_CP093033.1', 'NZ_CP092971.1', 'NZ_CP088901.1', 'NZ_CP088119.1', 'NZ_CP088126.1', 'NZ_CP088120.1', 'NZ_CP088131.1', 'NZ_CP091756.1', 'NZ_CP091752.1', 'NZ_CP093035.1', 'NZ_CP093039.1', 'NZ_CP093044.1', 'NZ_CP093042.1', 'NZ_CP093036.1', 'NZ_CP093041.1', 'NZ_CP093040.1', 'NZ_CP093038.1', 'NZ_CP093043.1', 'NZ_CP093068.1', 'NZ_CP093047.1', 'NZ_CP093046.1', 'NZ_CP093045.1', 'NZ_CP093014.1', 'NZ_CP093010.1', 'NZ_CP093015.1', 'NZ_CP093021.1', 'NZ_CP093016.1', 'NZ_CP093012.1', 'NZ_CP093020.1', 'NZ_CP093150.1', 'NZ_CP093067.1', 'NZ_CP093164.1', 'NZ_CP093154.1', 'NZ_CP093031.1', 'NZ_CP093022.1', 'NZ_CP093030.1', 'NZ_CP093023.1', 'NZ_CP093032.1', 'NZ_CP093028.1', 'NZ_CP093222.1', 'NZ_CP093245.1', 'NZ_CP093249.1', 'NZ_CP093260.1', 'NZ_CP093238.1', 'NZ_CP093221.1', 'NZ_CP093226.1', 'NZ_CP093151.1', 'NZ_CP079991.1', 'NZ_CP084241.1', 'NZ_CP093242.1', 'NZ_CP091173.1', 'NZ_CP093255.1', 'NZ_CP093535.1', 'NZ_CP093283.1', 'NZ_CP079781.1', 'NZ_CP093271.1', 'NZ_CP091048.1', 'NZ_CP093276.1', 'NZ_CP093239.1', 'NZ_CP093324.1', 'NZ_CP076113.1', 'NZ_CP093337.1', 'NZ_CP093290.1', 'NZ_CP093322.1', 'NZ_CP093308.1', 'NZ_CP093309.1', 'NZ_CP093323.1', 'NZ_CP093291.1', 'NZ_CP093336.1', 'NZ_CP093331.1', 'NZ_CP093341.1', 'NZ_CP093340.1', 'NZ_CP093342.1', 'NZ_CP093335.1', 'NZ_CP093326.1', 'NZ_CP093328.1', 'NZ_CP093333.1', 'NZ_CP093332.1', 'NZ_CP093334.1', 'NZ_CP093354.1']
2022-12-19 09:36:25,828 WARNING   
 -------- The overlap with rRNA and strand is not correct for NZ_CP055095.1 ------- 
 rRNA location = 3906665 sign = - & strand interval = [1976205, 3890477) lagging1. Apos Distance to Ori = 110159 & rRNA location between dnaApos and Ori = True 
 -------------------------------------------------------------------------------
2022-12-19 09:36:26,228 WARNING   
 -------- The overlap with rRNA and strand is not correct for NZ_CP092431.1 ------- 
 rRNA location = 1783184 sign = - & strand interval = [1, 107931)lagging1 & [4273352, 10101517]lagging2. Apos Distance to Ori = 5047224 & rRNA location between dnaApos and Ori = True
 rRNA location = 2331889 sign = - & strand interval = [1, 107931)lagging1 & [4273352, 10101517]lagging2. Apos Distance to Ori = 5047224 & rRNA location between dnaApos and Ori = True
 rRNA location = 4136456 sign = - & strand interval = [1, 107931)lagging1 & [4273352, 10101517]lagging2. Apos Distance to Ori = 5047224 & rRNA location between dnaApos and Ori = True
 rRNA location = 6040675 sign = + & strand interval = [107931, 4273352)leading1. Apos Distance to Ori = 5047224 & rRNA location between dnaApos and Ori = False
 rRNA location = 7457223 sign = + & strand interval = [107931, 4273352)leading1. Apos Distance to Ori = 5047224 & rRNA location between dnaApos and Ori = False 
 -------------------------------------------------------------------------------
2022-12-19 09:36:26,410 WARNING   
 -------- The overlap with rRNA and strand is not correct for NZ_CP059328.1 ------- 
 rRNA location = 1397729 sign = - & strand interval = [1, 1391804)lagging1 & [2557569, 2590906]lagging2. Apos Distance to Ori = 533193 & rRNA location between dnaApos and Ori = False 
 -------------------------------------------------------------------------------
