2022-12-19 13:58:11,503 INFO     Logging verbose set to False
2022-12-19 14:15:07,281 WARNING   
 -------- No rRNA was found for: --------  
 NZ_AP024957.1 
 -------------------------------------------------------------------------------
2022-12-19 14:15:07,286 DEBUG    OK! No faulty records from NCBI recorded!
2022-12-19 14:15:10,076 WARNING   
 -------- The overlap with rRNA and strand is not correct for NZ_CP076620.1 ------- 
 rRNA location = 9930 sign = + & strand interval = [22013, 1808938)leading1. Apos Distance to Ori = 21337 & rRNA location between dnaApos and Ori = True 
 -------------------------------------------------------------------------------
2022-12-19 14:15:10,384 WARNING   
 -------- The overlap with rRNA and strand is not correct for NZ_CP087390.1 ------- 
 rRNA location = 2199853 sign = - & strand interval = [1, 2183180)lagging1 & [4484014, 4656682]lagging2. Apos Distance to Ori = 67044 & rRNA location between dnaApos and Ori = True 
 -------------------------------------------------------------------------------
2022-12-19 14:15:10,451 WARNING   
 -------- The overlap with rRNA and strand is not correct for NZ_CP087597.1 ------- 
 rRNA location = 81461 sign = + & strand interval = [95066, 822164)leading1. Apos Distance to Ori = 95065 & rRNA location between dnaApos and Ori = True 
 -------------------------------------------------------------------------------
2022-12-19 14:15:10,467 WARNING   
 -------- The overlap with rRNA and strand is not correct for NZ_CP087587.1 ------- 
 rRNA location = 31031 sign = + & strand interval = [41034, 1926738)leading1. Apos Distance to Ori = 247573 & rRNA location between dnaApos and Ori = True 
 -------------------------------------------------------------------------------
2022-12-19 14:15:10,504 WARNING   
 -------- The overlap with rRNA and strand is not correct for NZ_CP087584.1 ------- 
 rRNA location = 61822 sign = + & strand interval = [66730, 2262029)leading1. Apos Distance to Ori = 66729 & rRNA location between dnaApos and Ori = True 
 -------------------------------------------------------------------------------
2022-12-19 14:15:10,566 WARNING   
 -------- The overlap with rRNA and strand is not correct for NZ_CP087578.1 ------- 
 rRNA location = 4838298 sign = - & strand interval = [2475553, 4792896) lagging1. Apos Distance to Ori = 109387 & rRNA location between dnaApos and Ori = True 
 -------------------------------------------------------------------------------
2022-12-19 14:15:10,585 WARNING   
 -------- The overlap with rRNA and strand is not correct for NZ_CP087280.1 ------- 
 rRNA location = 4794844 sign = - & strand interval = [2265114, 4774918) lagging1. Apos Distance to Ori = 74104 & rRNA location between dnaApos and Ori = True 
 -------------------------------------------------------------------------------
2022-12-19 14:15:11,102 WARNING   
 -------- The overlap with rRNA and strand is not correct for NZ_CP084203.1 ------- 
 rRNA location = 2972816 sign = - & strand interval = [4908839, 9203284) lagging1. Apos Distance to Ori = 4297756 & rRNA location between dnaApos and Ori = False
 rRNA location = 4419506 sign = - & strand interval = [4908839, 9203284) lagging1. Apos Distance to Ori = 4297756 & rRNA location between dnaApos and Ori = False
 rRNA location = 4672844 sign = - & strand interval = [4908839, 9203284) lagging1. Apos Distance to Ori = 4297756 & rRNA location between dnaApos and Ori = False
 rRNA location = 5133742 sign = + & strand interval = [1, 4908839)leading1 & [9203284, 9635563]leading2. Apos Distance to Ori = 4297756 & rRNA location between dnaApos and Ori = True
 rRNA location = 5717039 sign = + & strand interval = [1, 4908839)leading1 & [9203284, 9635563]leading2. Apos Distance to Ori = 4297756 & rRNA location between dnaApos and Ori = True
 rRNA location = 7242101 sign = + & strand interval = [1, 4908839)leading1 & [9203284, 9635563]leading2. Apos Distance to Ori = 4297756 & rRNA location between dnaApos and Ori = True
 rRNA location = 7741975 sign = + & strand interval = [1, 4908839)leading1 & [9203284, 9635563]leading2. Apos Distance to Ori = 4297756 & rRNA location between dnaApos and Ori = True 
 -------------------------------------------------------------------------------
2022-12-19 14:15:11,242 WARNING   
 -------- The overlap with rRNA and strand is not correct for NZ_CP088095.1 ------- 
 rRNA location = 4680322 sign = + & strand interval = [155495, 2157714)leading1. Apos Distance to Ori = 155494 & rRNA location between dnaApos and Ori = False 
 -------------------------------------------------------------------------------
2022-12-19 14:15:11,814 WARNING    Nr of records with rRNA and strand non-overlap: 9
2022-12-19 14:33:35,394 DEBUG    Loaded backend tkagg version unknown.
2022-12-19 14:33:35,816 DEBUG    STREAM b'IHDR' 16 13
2022-12-19 14:33:35,816 DEBUG    STREAM b'sBIT' 41 4
2022-12-19 14:33:35,816 DEBUG    b'sBIT' 41 4 (unknown)
2022-12-19 14:33:35,816 DEBUG    STREAM b'pHYs' 57 9
2022-12-19 14:33:35,816 DEBUG    STREAM b'IDAT' 78 1189
2022-12-19 14:33:35,856 DEBUG    STREAM b'IHDR' 16 13
2022-12-19 14:33:35,856 DEBUG    STREAM b'sBIT' 41 4
2022-12-19 14:33:35,856 DEBUG    b'sBIT' 41 4 (unknown)
2022-12-19 14:33:35,857 DEBUG    STREAM b'pHYs' 57 9
2022-12-19 14:33:35,857 DEBUG    STREAM b'IDAT' 78 2994
2022-12-19 14:33:35,909 DEBUG    STREAM b'IHDR' 16 13
2022-12-19 14:33:35,909 DEBUG    STREAM b'sBIT' 41 4
2022-12-19 14:33:35,909 DEBUG    b'sBIT' 41 4 (unknown)
2022-12-19 14:33:35,909 DEBUG    STREAM b'pHYs' 57 9
2022-12-19 14:33:35,909 DEBUG    STREAM b'IDAT' 78 696
2022-12-19 14:33:35,916 DEBUG    STREAM b'IHDR' 16 13
2022-12-19 14:33:35,916 DEBUG    STREAM b'sBIT' 41 4
2022-12-19 14:33:35,916 DEBUG    b'sBIT' 41 4 (unknown)
2022-12-19 14:33:35,916 DEBUG    STREAM b'pHYs' 57 9
2022-12-19 14:33:35,916 DEBUG    STREAM b'IDAT' 78 526
2022-12-19 14:33:35,919 DEBUG    STREAM b'IHDR' 16 13
2022-12-19 14:33:35,920 DEBUG    STREAM b'sBIT' 41 4
2022-12-19 14:33:35,920 DEBUG    b'sBIT' 41 4 (unknown)
2022-12-19 14:33:35,920 DEBUG    STREAM b'pHYs' 57 9
2022-12-19 14:33:35,920 DEBUG    STREAM b'IDAT' 78 499
2022-12-19 14:33:35,924 DEBUG    STREAM b'IHDR' 16 13
2022-12-19 14:33:35,924 DEBUG    STREAM b'sBIT' 41 4
2022-12-19 14:33:35,924 DEBUG    b'sBIT' 41 4 (unknown)
2022-12-19 14:33:35,924 DEBUG    STREAM b'pHYs' 57 9
2022-12-19 14:33:35,924 DEBUG    STREAM b'IDAT' 78 673
2022-12-19 14:33:35,928 DEBUG    STREAM b'IHDR' 16 13
2022-12-19 14:33:35,928 DEBUG    STREAM b'sBIT' 41 4
2022-12-19 14:33:35,928 DEBUG    b'sBIT' 41 4 (unknown)
2022-12-19 14:33:35,928 DEBUG    STREAM b'pHYs' 57 9
2022-12-19 14:33:35,928 DEBUG    STREAM b'IDAT' 78 922
2022-12-19 14:33:35,931 DEBUG    STREAM b'IHDR' 16 13
2022-12-19 14:33:35,932 DEBUG    STREAM b'sBIT' 41 4
2022-12-19 14:33:35,932 DEBUG    b'sBIT' 41 4 (unknown)
2022-12-19 14:33:35,932 DEBUG    STREAM b'pHYs' 57 9
2022-12-19 14:33:35,932 DEBUG    STREAM b'IDAT' 78 568
2022-12-19 14:33:35,936 DEBUG    STREAM b'IHDR' 16 13
2022-12-19 14:33:35,936 DEBUG    STREAM b'sBIT' 41 4
2022-12-19 14:33:35,936 DEBUG    b'sBIT' 41 4 (unknown)
2022-12-19 14:33:35,936 DEBUG    STREAM b'pHYs' 57 9
2022-12-19 14:33:35,936 DEBUG    STREAM b'IDAT' 78 626
