2022-12-12 14:06:06,468 INFO     Logging verbose set to False
2022-12-12 14:07:09,115 WARNING   
 -------- No rRNA was found for: --------  
 NC_002506.1 
 NC_005824.1 
 -------------------------------------------------------------------------------
2022-12-12 14:07:09,115 DEBUG    OK! No faulty records from NCBI recorded!
2022-12-12 14:07:11,568 WARNING   
 -------- The overlap with rRNA and strand is not correct for NC_004088.1 ------- 
 rRNA location = 12015 sign = + & strand interval = [248823, 2262716)leading1. Apos Distance to Ori = 283070 & rRNA location between dnaApos and Ori = True 
 -------------------------------------------------------------------------------
2022-12-12 14:07:11,608 WARNING   
 -------- The overlap with rRNA and strand is not correct for NC_006300.1 ------- 
 rRNA location = 2312119 sign = + & strand interval = [47557, 1009102)leading1. Apos Distance to Ori = 400404 & rRNA location between dnaApos and Ori = False 
 -------------------------------------------------------------------------------
2022-12-12 14:07:11,628 WARNING   
 -------- The overlap with rRNA and strand is not correct for NC_005835.1 ------- 
 rRNA location = 1766608 sign = - & strand interval = [613069, 1547442) lagging1. Apos Distance to Ori = 24412 & rRNA location between dnaApos and Ori = False 
 -------------------------------------------------------------------------------
2022-12-12 14:07:11,689 WARNING   
 -------- The overlap with rRNA and strand is not correct for NC_002163.1 ------- 
 rRNA location = 39249 sign = + & strand interval = [45763, 792577)leading1. Apos Distance to Ori = 45762 & rRNA location between dnaApos and Ori = True 
 -------------------------------------------------------------------------------
2022-12-12 14:07:11,719 WARNING    Nr of records with rRNA and strand non-overlap: 4
