2022-12-07 09:18:08,765 INFO     Logging verbose set to False
2022-12-07 09:18:50,910 WARNING   
No rRNA was found for NC_005824.1
2022-12-07 09:21:27,805 WARNING   
No rRNA was found for NC_007953.1
2022-12-07 09:22:46,555 WARNING   
No rRNA was found for NC_009456.1
2022-12-07 09:22:50,579 WARNING   
No rRNA was found for NC_011983.1
2022-12-07 09:23:11,082 WARNING   
No rRNA was found for NC_010845.1
2022-12-07 09:23:18,184 WARNING   
No rRNA was found for NC_009802.2
2022-12-07 09:23:18,185 WARNING   
No rRNA was found for NC_009778.1
2022-12-07 09:23:18,186 WARNING   
No rRNA was found for NC_009828.1
2022-12-07 09:23:18,186 WARNING   
No rRNA was found for NC_009800.1
2022-12-07 09:23:18,187 WARNING   
No rRNA was found for NC_009801.1
2022-12-07 09:23:18,187 WARNING   
No rRNA was found for NC_009767.1
2022-12-07 09:23:18,187 WARNING   
No rRNA was found for NC_009831.1
2022-12-07 09:23:18,187 WARNING   
No rRNA was found for NC_009848.4
2022-12-07 09:24:57,449 WARNING   
No rRNA was found for NC_012580.1
2022-12-07 09:24:58,523 WARNING   
No rRNA was found for NC_012583.1
2022-12-07 09:25:16,196 WARNING   
No rRNA was found for NC_012667.1
2022-12-07 09:28:07,186 WARNING   
No rRNA was found for NC_004343.2
2022-12-07 09:29:01,787 WARNING   
No rRNA was found for NC_015596.1
2022-12-07 09:29:50,413 WARNING   
No rRNA was found for NC_016446.1
2022-12-07 09:30:35,952 WARNING   
No rRNA was found for NC_016628.1
2022-12-07 09:31:00,322 WARNING   
No rRNA was found for NC_015164.1
2022-12-07 09:31:00,329 WARNING   
No rRNA was found for NC_017513.1
2022-12-07 09:31:00,330 WARNING   
No rRNA was found for NC_016603.1
2022-12-07 09:31:00,330 WARNING   
No rRNA was found for NC_015177.1
2022-12-07 09:31:00,330 WARNING   
No rRNA was found for NC_017514.1
2022-12-07 09:31:30,581 WARNING   
No rRNA was found for NC_000962.3
2022-12-07 09:31:30,582 WARNING   
No rRNA was found for NC_003210.1
2022-12-07 09:34:12,937 WARNING   
No rRNA was found for NC_017552.1
2022-12-07 09:34:55,922 WARNING   
No rRNA was found for NZ_CP011040.1
2022-12-07 09:36:23,027 WARNING   
No rRNA was found for NC_016945.1
2022-12-07 09:43:09,659 WARNING   
No rRNA was found for NZ_CP013949.1
2022-12-07 09:45:54,036 WARNING   
No rRNA was found for NZ_CP006695.1
2022-12-07 09:47:55,990 WARNING   
No rRNA was found for NC_020211.1
2022-12-07 09:47:55,990 WARNING   
No rRNA was found for NC_020126.1
2022-12-07 09:47:55,990 WARNING   
No rRNA was found for NZ_CP032527.2
2022-12-07 09:47:55,993 WARNING   
No rRNA was found for NC_020210.1
2022-12-07 09:47:55,993 WARNING   
No rRNA was found for NC_020181.1
2022-12-07 09:47:55,993 WARNING   
No rRNA was found for NC_020163.1
2022-12-07 09:47:55,993 WARNING   
No rRNA was found for NZ_CP019035.1
2022-12-07 09:47:55,996 WARNING   
No rRNA was found for NZ_CP011394.1
2022-12-07 09:51:33,261 WARNING   
No rRNA was found for NC_021288.1
2022-12-07 09:53:01,863 WARNING   
No rRNA was found for NC_021810.1
2022-12-07 09:53:01,864 WARNING   
No rRNA was found for NC_021814.1
2022-12-07 09:53:01,865 WARNING   
No rRNA was found for NC_021821.1
2022-12-07 09:53:01,866 WARNING   
No rRNA was found for NC_021848.1
2022-12-07 09:53:01,866 WARNING   
No rRNA was found for NC_021820.1
2022-12-07 09:53:01,868 WARNING   
No rRNA was found for NC_021847.1
2022-12-07 09:53:01,868 WARNING   
No rRNA was found for NZ_CP053205.2
2022-12-07 09:53:01,869 WARNING   
No rRNA was found for NC_021818.1
2022-12-07 09:54:33,140 WARNING   
No rRNA was found for NC_022234.1
2022-12-07 09:54:59,227 WARNING   
No rRNA was found for NC_022224.1
2022-12-07 09:56:20,411 WARNING   
No rRNA was found for NZ_CP017728.1
2022-12-07 09:56:20,423 WARNING   
No rRNA was found for NZ_CP017727.1
2022-12-07 09:56:20,427 WARNING   
No rRNA was found for NZ_CP019185.1
2022-12-07 09:56:39,169 WARNING   
No rRNA was found for NZ_CP019184.1
2022-12-07 09:56:39,177 WARNING   
No rRNA was found for NZ_CP019183.1
2022-12-07 09:56:39,186 WARNING   
No rRNA was found for NZ_CP019177.1
2022-12-07 09:56:39,186 WARNING   
No rRNA was found for NZ_CP019178.1
2022-12-07 09:56:39,186 WARNING   
No rRNA was found for NZ_CP007534.1
2022-12-07 09:56:39,187 WARNING   
No rRNA was found for NZ_CP012344.2
2022-12-07 09:56:39,188 WARNING   
No rRNA was found for NZ_CP019198.1
2022-12-07 09:56:39,188 WARNING   
No rRNA was found for NZ_CP007533.1
2022-12-07 09:56:39,189 WARNING   
No rRNA was found for NZ_CP019201.1
2022-12-07 09:56:40,345 WARNING   
No rRNA was found for NZ_CP019189.1
2022-12-07 09:56:40,348 WARNING   
No rRNA was found for NC_022544.1
2022-12-07 10:02:01,522 WARNING   
No rRNA was found for NZ_HG917869.1
2022-12-07 10:09:46,691 WARNING   
No rRNA was found for NZ_CP022111.1
2022-12-07 10:14:51,550 WARNING   
No rRNA was found for NZ_CP008761.1
2022-12-07 10:17:16,953 WARNING   
No rRNA was found for NZ_CP009265.1
2022-12-07 10:17:26,378 WARNING   
No rRNA was found for NZ_CP007635.1
2022-12-07 10:18:51,747 WARNING   
No rRNA was found for NZ_CP009355.1
2022-12-07 10:18:52,244 WARNING   
No rRNA was found for NZ_CP009618.1
2022-12-07 10:19:59,016 WARNING   
No rRNA was found for NZ_LK021129.1
2022-12-07 10:20:22,550 WARNING   
No rRNA was found for NZ_CP012997.1
2022-12-07 10:20:24,174 WARNING   
No rRNA was found for NZ_CP009889.1
2022-12-07 10:21:28,062 WARNING   
No rRNA was found for NC_022543.1
