2022-12-07 11:39:22,845 INFO     Logging verbose set to False
2022-12-07 11:40:21,574 WARNING   
 -------- No rRNA was found for: --------  
 NC_016446.1 
 -------------------------------------------------------------------------------
2022-12-07 11:40:21,581 WARNING  Faulty records from NCBI: ['NC_015730.1', 'NC_014618.1', 'NC_017445.1', 'NC_017403.1', 'NC_017545.1', 'NZ_CP020947.1', 'NC_021591.1', 'NC_016901.1', 'NC_014738.1']
2022-12-07 11:40:23,371 WARNING   
 -------- The overlap with rRNA and strand is not correct for NC_020995.1 ------- 
 rRNA location = 3399101 sign = - & strand interval = [1725150, 3392728) lagging1. Apos Distance to Ori = 34648 & rRNA location between dnaApos and Ori = True 
 -------------------------------------------------------------------------------
2022-12-07 11:40:23,377 WARNING   
 -------- The overlap with rRNA and strand is not correct for NC_020911.1 ------- 
 rRNA location = 24045 sign = + & strand interval = [141581, 2372909)leading1. Apos Distance to Ori = 141480 & rRNA location between dnaApos and Ori = True 
 -------------------------------------------------------------------------------
2022-12-07 11:40:23,405 WARNING   
 -------- The overlap with rRNA and strand is not correct for NZ_CP005388.1 ------- 
 rRNA location = 39134 sign = + & strand interval = [42548, 792480)leading1. Apos Distance to Ori = 42547 & rRNA location between dnaApos and Ori = True 
 -------------------------------------------------------------------------------
2022-12-07 11:40:23,415 WARNING   
 -------- The overlap with rRNA and strand is not correct for NC_017262.1 ------- 
 rRNA location = 1784939 sign = + & strand interval = [920646, 1750614)leading1. Apos Distance to Ori = 920372 & rRNA location between dnaApos and Ori = False 
 -------------------------------------------------------------------------------
2022-12-07 11:40:23,424 WARNING   
 -------- The overlap with rRNA and strand is not correct for NC_015673.1 ------- 
 rRNA location = 117258 sign = - & strand interval = [1, 113662)lagging1 & [1285677, 2601310]lagging2. Apos Distance to Ori = 113661 & rRNA location between dnaApos and Ori = False 
 -------------------------------------------------------------------------------
2022-12-07 11:40:23,432 WARNING   
 -------- The overlap with rRNA and strand is not correct for NC_015953.1 ------- 
 rRNA location = 921976 sign = - & strand interval = [1, 651)lagging1 & [3012522, 7414439]lagging2. Apos Distance to Ori = 3692369 & rRNA location between dnaApos and Ori = True
 rRNA location = 1379323 sign = - & strand interval = [1, 651)lagging1 & [3012522, 7414439]lagging2. Apos Distance to Ori = 3692369 & rRNA location between dnaApos and Ori = True
 rRNA location = 2799332 sign = - & strand interval = [1, 651)lagging1 & [3012522, 7414439]lagging2. Apos Distance to Ori = 3692369 & rRNA location between dnaApos and Ori = True
 rRNA location = 3971014 sign = + & strand interval = [651, 3012522)leading1. Apos Distance to Ori = 3692369 & rRNA location between dnaApos and Ori = False
 rRNA location = 5454863 sign = + & strand interval = [651, 3012522)leading1. Apos Distance to Ori = 3692369 & rRNA location between dnaApos and Ori = False 
 -------------------------------------------------------------------------------
2022-12-07 11:40:23,435 WARNING   
 -------- The overlap with rRNA and strand is not correct for NC_014833.1 ------- 
 rRNA location = 3676965 sign = - & strand interval = [2136634, 3390107) lagging1. Apos Distance to Ori = 295307 & rRNA location between dnaApos and Ori = True 
 -------------------------------------------------------------------------------
2022-12-07 11:40:23,449 WARNING    Nr of records with rRNA and strand non-overlap: 7
