2022-12-13 11:35:30,118 INFO     Logging verbose set to False
2022-12-13 11:35:30,256 WARNING   
 -------- The overlap with rRNA and strand is not correct for 2 ------- 
 rRNA location = 7 sign = - & strand interval = [1, 4)lagging1 & [9, 10]lagging2. Apos Distance to Ori = 0 & rRNA location between dnaApos and Ori = False
 rRNA location = 1 sign = + & strand interval = [4, 9)leading1. Apos Distance to Ori = 0 & rRNA location between dnaApos and Ori = False 
 -------------------------------------------------------------------------------
2022-12-13 11:35:30,274 WARNING   
 -------- The overlap with rRNA and strand is not correct for 4 ------- 
 rRNA location = 10 sign = - & strand interval = [4, 9) lagging1. Apos Distance to Ori = 0 & rRNA location between dnaApos and Ori = False
 rRNA location = 4 sign = + & strand interval = [1, 4)leading1 & [9, 10]leading2. Apos Distance to Ori = 0 & rRNA location between dnaApos and Ori = False 
 -------------------------------------------------------------------------------
2022-12-13 11:35:30,283 WARNING   
 -------- The overlap with rRNA and strand is not correct for 6 ------- 
 rRNA location = 5 sign = - & strand interval = [6, 10]lagging1. Apos Distance to Ori = 1 & rRNA location between dnaApos and Ori = False
 rRNA location = 7 sign = + & strand interval = [1, 6)leading1. Apos Distance to Ori = 1 & rRNA location between dnaApos and Ori = False 
 -------------------------------------------------------------------------------
2022-12-13 11:35:30,288 WARNING   
 -------- The overlap with rRNA and strand is not correct for 8 ------- 
 rRNA location = 8 sign = - & strand interval = [1, 7)lagging1 & [9, 10]lagging2. Apos Distance to Ori = 0 & rRNA location between dnaApos and Ori = False
 rRNA location = 2 sign = + & strand interval = [7, 9)leading1. Apos Distance to Ori = 0 & rRNA location between dnaApos and Ori = False 
 -------------------------------------------------------------------------------
2022-12-13 11:35:30,288 WARNING   
 -------- The overlap with rRNA and strand is not correct for 10 ------- 
 rRNA location = 9 sign = - & strand interval = [2, 5) lagging1. Apos Distance to Ori = 2 & rRNA location between dnaApos and Ori = False
 rRNA location = 2 sign = + & strand interval = [1, 2)leading1 & [5, 10]leading2. Apos Distance to Ori = 2 & rRNA location between dnaApos and Ori = False 
 -------------------------------------------------------------------------------
