2022-12-02 14:06:12,065 INFO     Logging verbose set to False
2022-12-02 14:08:27,466 WARNING   
No rRNA was found for NZ_CP089605.1
2022-12-02 14:10:20,260 WARNING   
No rRNA was found for NZ_CP090400.1
2022-12-02 14:10:21,090 WARNING   
No rRNA was found for NZ_CP090386.1
2022-12-02 14:10:27,470 WARNING   
No rRNA was found for NZ_CP090365.1
2022-12-02 14:10:38,515 WARNING   
No rRNA was found for NZ_CP090439.1
2022-12-02 14:14:01,047 WARNING   
No rRNA was found for NZ_CP091186.1
2022-12-02 14:15:31,004 WARNING   
No rRNA was found for NZ_CP090499.1
2022-12-02 14:15:34,990 WARNING   
No rRNA was found for NZ_CP090488.1
2022-12-02 14:15:35,014 WARNING   
No rRNA was found for NZ_CP090486.1
2022-12-02 14:15:36,122 WARNING   
No rRNA was found for NZ_CP090490.1
2022-12-02 14:15:36,267 WARNING   
No rRNA was found for NZ_CP090494.1
2022-12-02 14:15:36,517 WARNING   
No rRNA was found for NZ_CP065042.1
2022-12-02 14:15:45,734 WARNING   
No rRNA was found for NZ_CP090496.1
2022-12-02 14:16:50,966 WARNING   
No rRNA was found for NZ_CP095744.1
2022-12-02 14:19:03,334 WARNING   
No rRNA was found for NZ_CP092153.1
2022-12-02 14:19:11,574 WARNING   
No rRNA was found for NZ_CP092202.1
2022-12-02 14:19:37,768 DEBUG    OK! No faulty records from NCBI recorded!
2022-12-02 14:19:40,323 WARNING   
 -------- The overlap with rRNA and strand is not correct for NZ_CP087880.1 ------- 
     rRNA interval = 3880951 sign = + & strand interval = [1, 1355535)leading1 & [3906094, 5015039)leading2 
 -------------------------------------------------------------------------------
2022-12-02 14:19:40,332 WARNING   
 -------- The overlap with rRNA and strand is not correct for NZ_CP089157.1 ------- 
     rRNA interval = 635810 sign = - & strand interval = [1452179, 2450549) lagging1
     rRNA interval = 769329 sign = - & strand interval = [1452179, 2450549) lagging1
     rRNA interval = 887432 sign = - & strand interval = [1452179, 2450549) lagging1
     rRNA interval = 1899917 sign = + & strand interval = [1, 1452179)leading1 & [2450549, 2740464)leading2
     rRNA interval = 1943807 sign = + & strand interval = [1, 1452179)leading1 & [2450549, 2740464)leading2 
 -------------------------------------------------------------------------------
2022-12-02 14:19:40,350 WARNING   
 -------- The overlap with rRNA and strand is not correct for NZ_CP089296.1 ------- 
     rRNA interval = 136551 sign = - & strand interval = [1, 2042)lagging1 & [309889, 764096)lagging2
     rRNA interval = 513149 sign = + & strand interval = [2042, 309889) leading1 
 -------------------------------------------------------------------------------
2022-12-02 14:19:40,354 WARNING   
 -------- The overlap with rRNA and strand is not correct for NZ_CP075175.1 ------- 
     rRNA interval = 2363290 sign = - & strand interval = [1, 2357196)lagging1 & [5193009, 5693877)lagging2 
 -------------------------------------------------------------------------------
2022-12-02 14:19:40,356 WARNING   
 -------- The overlap with rRNA and strand is not correct for NZ_CP089301.1 ------- 
     rRNA interval = 5685332 sign = - & strand interval = [2999838, 4987951) lagging1 
 -------------------------------------------------------------------------------
2022-12-02 14:19:40,358 WARNING   
 -------- The overlap with rRNA and strand is not correct for NZ_CP089317.1 ------- 
     rRNA interval = 4094464 sign = - & strand interval = [2000220, 4073183) lagging1 
 -------------------------------------------------------------------------------
2022-12-02 14:19:40,359 WARNING   
 -------- The overlap with rRNA and strand is not correct for NZ_CP089311.1 ------- 
     rRNA interval = 591800 sign = + & strand interval = [647591, 2650544) leading1 
 -------------------------------------------------------------------------------
2022-12-02 14:19:40,364 WARNING   
 -------- The overlap with rRNA and strand is not correct for NZ_CP089309.1 ------- 
     rRNA interval = 3406284 sign = + & strand interval = [1, 2750778)leading1 & [5470709, 5649926)leading2 
 -------------------------------------------------------------------------------
2022-12-02 14:19:40,380 WARNING   
 -------- The overlap with rRNA and strand is not correct for NZ_CP089791.1 ------- 
     rRNA interval = 4750327 sign = - & strand interval = [2411950, 4750219) lagging1 
 -------------------------------------------------------------------------------
2022-12-02 14:19:40,387 WARNING   
 -------- The overlap with rRNA and strand is not correct for NZ_CP089797.1 ------- 
     rRNA interval = 4751520 sign = - & strand interval = [2410276, 4748670) lagging1 
 -------------------------------------------------------------------------------
2022-12-02 14:19:40,421 WARNING   
 -------- The overlap with rRNA and strand is not correct for NZ_CP085300.1 ------- 
     rRNA interval = 3700717 sign = - & strand interval = [1, 30431)lagging1 & [4270967, 8024388)lagging2 
 -------------------------------------------------------------------------------
2022-12-02 14:19:40,422 WARNING   
 -------- The overlap with rRNA and strand is not correct for NZ_CP090022.1 ------- 
     rRNA interval = 380502 sign = - & strand interval = [481452, 852396) lagging1
     rRNA interval = 447148 sign = - & strand interval = [481452, 852396) lagging1 
 -------------------------------------------------------------------------------
2022-12-02 14:19:40,427 WARNING   
 -------- The overlap with rRNA and strand is not correct for NZ_CP089999.1 ------- 
     rRNA interval = 176175 sign = + & strand interval = [187768, 2591104) leading1 
 -------------------------------------------------------------------------------
2022-12-02 14:19:40,437 WARNING   
 -------- The overlap with rRNA and strand is not correct for NZ_CP090207.1 ------- 
     rRNA interval = 114308 sign = + & strand interval = [119625, 2142068) leading1 
 -------------------------------------------------------------------------------
2022-12-02 14:19:40,442 WARNING   
 -------- The overlap with rRNA and strand is not correct for NZ_CP090146.1 ------- 
     rRNA interval = 4805276 sign = - & strand interval = [2270362, 4766825) lagging1 
 -------------------------------------------------------------------------------
2022-12-02 14:19:40,451 WARNING   
 -------- The overlap with rRNA and strand is not correct for NZ_CP090192.1 ------- 
     rRNA interval = 4805229 sign = - & strand interval = [2271496, 4764821) lagging1 
 -------------------------------------------------------------------------------
2022-12-02 14:19:40,464 WARNING   
 -------- The overlap with rRNA and strand is not correct for NZ_CP090244.1 ------- 
     rRNA interval = 5093106 sign = - & strand interval = [2539757, 5088877) lagging1 
 -------------------------------------------------------------------------------
2022-12-02 14:19:40,465 WARNING   
 -------- The overlap with rRNA and strand is not correct for NZ_CP082775.1 ------- 
     rRNA interval = 16086 sign = + & strand interval = [19261, 2542179) leading1 
 -------------------------------------------------------------------------------
2022-12-02 14:19:40,492 WARNING   
 -------- The overlap with rRNA and strand is not correct for NZ_CP090447.1 ------- 
     rRNA interval = 1460856 sign = - & strand interval = [4692318, 8452017) lagging1
     rRNA interval = 1996080 sign = - & strand interval = [4692318, 8452017) lagging1
     rRNA interval = 4037336 sign = - & strand interval = [4692318, 8452017) lagging1
     rRNA interval = 4725858 sign = + & strand interval = [1, 4692318)leading1 & [8452017, 8624192)leading2
     rRNA interval = 5313670 sign = + & strand interval = [1, 4692318)leading1 & [8452017, 8624192)leading2
     rRNA interval = 6264633 sign = + & strand interval = [1, 4692318)leading1 & [8452017, 8624192)leading2 
 -------------------------------------------------------------------------------
2022-12-02 14:19:40,520 WARNING   
 -------- The overlap with rRNA and strand is not correct for NZ_CP090535.1 ------- 
     rRNA interval = 4900629 sign = - & strand interval = [2600402, 4891284) lagging1 
 -------------------------------------------------------------------------------
2022-12-02 14:19:40,528 WARNING   
 -------- The overlap with rRNA and strand is not correct for NZ_CP090607.1 ------- 
     rRNA interval = 4264384 sign = - & strand interval = [2282450, 4232823) lagging1 
 -------------------------------------------------------------------------------
2022-12-02 14:19:40,536 WARNING   
 -------- The overlap with rRNA and strand is not correct for NZ_CP090796.1 ------- 
     rRNA interval = 4602790 sign = - & strand interval = [2202184, 4536788) lagging1 
 -------------------------------------------------------------------------------
2022-12-02 14:19:40,539 WARNING   
 -------- The overlap with rRNA and strand is not correct for NZ_CP090837.1 ------- 
     rRNA interval = 947686 sign = - & strand interval = [1, 1133)lagging1 & [3844756, 7850120)lagging2
     rRNA interval = 1421046 sign = - & strand interval = [1, 1133)lagging1 & [3844756, 7850120)lagging2
     rRNA interval = 2970487 sign = - & strand interval = [1, 1133)lagging1 & [3844756, 7850120)lagging2
     rRNA interval = 3436694 sign = - & strand interval = [1, 1133)lagging1 & [3844756, 7850120)lagging2
     rRNA interval = 3694147 sign = - & strand interval = [1, 1133)lagging1 & [3844756, 7850120)lagging2
     rRNA interval = 6076965 sign = + & strand interval = [1133, 3844756) leading1 
 -------------------------------------------------------------------------------
2022-12-02 14:19:40,548 WARNING   
 -------- The overlap with rRNA and strand is not correct for NZ_CP050816.1 ------- 
     rRNA interval = 601083 sign = + & strand interval = [605091, 2238000) leading1 
 -------------------------------------------------------------------------------
2022-12-02 14:19:40,556 WARNING   
 -------- The overlap with rRNA and strand is not correct for NZ_CP052033.1 ------- 
     rRNA interval = 1854479 sign = - & strand interval = [1, 1715)lagging1 & [3405173, 6891948)lagging2
     rRNA interval = 3207522 sign = - & strand interval = [1, 1715)lagging1 & [3405173, 6891948)lagging2
     rRNA interval = 3874129 sign = + & strand interval = [1715, 3405173) leading1
     rRNA interval = 4417327 sign = + & strand interval = [1715, 3405173) leading1
     rRNA interval = 5868762 sign = + & strand interval = [1715, 3405173) leading1
     rRNA interval = 6345663 sign = + & strand interval = [1715, 3405173) leading1 
 -------------------------------------------------------------------------------
2022-12-02 14:19:40,557 WARNING   
 -------- The overlap with rRNA and strand is not correct for NZ_CP052032.1 ------- 
     rRNA interval = 846976 sign = - & strand interval = [1, 638)lagging1 & [3609728, 7502432)lagging2
     rRNA interval = 1323876 sign = - & strand interval = [1, 638)lagging1 & [3609728, 7502432)lagging2
     rRNA interval = 2775310 sign = - & strand interval = [1, 638)lagging1 & [3609728, 7502432)lagging2
     rRNA interval = 3318508 sign = - & strand interval = [1, 638)lagging1 & [3609728, 7502432)lagging2
     rRNA interval = 3985115 sign = + & strand interval = [638, 3609728) leading1
     rRNA interval = 5338147 sign = + & strand interval = [638, 3609728) leading1 
 -------------------------------------------------------------------------------
2022-12-02 14:19:40,573 WARNING   
 -------- The overlap with rRNA and strand is not correct for NZ_CP054019.1 ------- 
     rRNA interval = 1896386 sign = - & strand interval = [1, 722714)lagging1 & [6181655, 9459689)lagging2
     rRNA interval = 2545358 sign = - & strand interval = [1, 722714)lagging1 & [6181655, 9459689)lagging2
     rRNA interval = 3899524 sign = - & strand interval = [1, 722714)lagging1 & [6181655, 9459689)lagging2
     rRNA interval = 4448370 sign = - & strand interval = [1, 722714)lagging1 & [6181655, 9459689)lagging2
     rRNA interval = 6642765 sign = + & strand interval = [722714, 6181655) leading1
     rRNA interval = 6865293 sign = + & strand interval = [722714, 6181655) leading1 
 -------------------------------------------------------------------------------
2022-12-02 14:19:40,575 WARNING   
 -------- The overlap with rRNA and strand is not correct for NZ_CP071717.1 ------- 
     rRNA interval = 1173010 sign = - & strand interval = [1, 150598)lagging1 & [2759708, 5699247)lagging2
     rRNA interval = 5139613 sign = + & strand interval = [150598, 2759708) leading1 
 -------------------------------------------------------------------------------
2022-12-02 14:19:40,578 WARNING   
 -------- The overlap with rRNA and strand is not correct for NZ_CP054786.1 ------- 
     rRNA interval = 3402292 sign = + & strand interval = [1, 1075009)leading1 & [4510135, 6552682)leading2 
 -------------------------------------------------------------------------------
2022-12-02 14:19:40,592 WARNING   
 -------- The overlap with rRNA and strand is not correct for NZ_CP042361.1 ------- 
     rRNA interval = 4472754 sign = - & strand interval = [2211073, 4460512) lagging1 
 -------------------------------------------------------------------------------
2022-12-02 14:19:40,603 WARNING   
 -------- The overlap with rRNA and strand is not correct for NZ_CP090974.1 ------- 
     rRNA interval = 497774 sign = + & strand interval = [501142, 2492544) leading1 
 -------------------------------------------------------------------------------
2022-12-02 14:19:40,622 WARNING   
 -------- The overlap with rRNA and strand is not correct for NZ_CP091037.1 ------- 
     rRNA interval = 415084 sign = - & strand interval = [1734223, 3611782) lagging1
     rRNA interval = 2480994 sign = + & strand interval = [1, 1734223)leading1 & [3611782, 3811653)leading2 
 -------------------------------------------------------------------------------
2022-12-02 14:19:40,649 WARNING   
 -------- The overlap with rRNA and strand is not correct for NZ_CP068440.1 ------- 
     rRNA interval = 79663 sign = + & strand interval = [92689, 2115842) leading1 
 -------------------------------------------------------------------------------
2022-12-02 14:19:40,656 WARNING   
 -------- The overlap with rRNA and strand is not correct for NZ_CP040523.1 ------- 
     rRNA interval = 2331898 sign = - & strand interval = [1215529, 2258795) lagging1 
 -------------------------------------------------------------------------------
2022-12-02 14:19:40,670 WARNING   
 -------- The overlap with rRNA and strand is not correct for NZ_CP088922.1 ------- 
     rRNA interval = 1411977 sign = - & strand interval = [1, 37430)lagging1 & [1909355, 3959114)lagging2
     rRNA interval = 2021511 sign = + & strand interval = [37430, 1909355) leading1 
 -------------------------------------------------------------------------------
2022-12-02 14:19:40,673 WARNING   
 -------- The overlap with rRNA and strand is not correct for NZ_CP091176.1 ------- 
     rRNA interval = 4676959 sign = - & strand interval = [2319487, 4647134) lagging1 
 -------------------------------------------------------------------------------
2022-12-02 14:19:40,757 WARNING   
 -------- The overlap with rRNA and strand is not correct for NZ_CP068641.1 ------- 
     rRNA interval = 25972 sign = + & strand interval = [34568, 1843883) leading1 
 -------------------------------------------------------------------------------
2022-12-02 14:19:40,783 WARNING   
 -------- The overlap with rRNA and strand is not correct for NZ_CP091486.1 ------- 
     rRNA interval = 4697932 sign = - & strand interval = [2279754, 4624233) lagging1 
 -------------------------------------------------------------------------------
2022-12-02 14:19:40,785 WARNING   
 -------- The overlap with rRNA and strand is not correct for NZ_CP091496.1 ------- 
     rRNA interval = 3449761 sign = + & strand interval = [1, 1128255)leading1 & [3480024, 4762276)leading2 
 -------------------------------------------------------------------------------
2022-12-02 14:19:40,796 WARNING   
 -------- The overlap with rRNA and strand is not correct for NZ_CP091648.1 ------- 
     rRNA interval = 677792 sign = - & strand interval = [777320, 1364718) lagging1 
 -------------------------------------------------------------------------------
2022-12-02 14:19:40,797 WARNING   
 -------- The overlap with rRNA and strand is not correct for NZ_CP091644.1 ------- 
     rRNA interval = 36809 sign = + & strand interval = [59920, 800990) leading1 
 -------------------------------------------------------------------------------
2022-12-02 14:19:40,798 WARNING   
 -------- The overlap with rRNA and strand is not correct for NZ_CP074364.1 ------- 
     rRNA interval = 149453 sign = + & strand interval = [174366, 2353685) leading1 
 -------------------------------------------------------------------------------
2022-12-02 14:19:40,798 WARNING   
 -------- The overlap with rRNA and strand is not correct for NZ_CP074361.1 ------- 
     rRNA interval = 165668 sign = + & strand interval = [207940, 2324502) leading1 
 -------------------------------------------------------------------------------
2022-12-02 14:19:40,799 WARNING   
 -------- The overlap with rRNA and strand is not correct for NZ_CP074365.1 ------- 
     rRNA interval = 182813 sign = + & strand interval = [215461, 2094269) leading1 
 -------------------------------------------------------------------------------
2022-12-02 14:19:40,800 WARNING   
 -------- The overlap with rRNA and strand is not correct for NZ_CP074363.1 ------- 
     rRNA interval = 165700 sign = + & strand interval = [206809, 2320964) leading1 
 -------------------------------------------------------------------------------
2022-12-02 14:19:40,802 WARNING   
 -------- The overlap with rRNA and strand is not correct for NZ_CP076250.1 ------- 
     rRNA interval = 180011 sign = + & strand interval = [186824, 2681760) leading1 
 -------------------------------------------------------------------------------
2022-12-02 14:19:40,804 WARNING   
 -------- The overlap with rRNA and strand is not correct for NZ_CP079921.1 ------- 
     rRNA interval = 1873220 sign = + & strand interval = [1, 678461)leading1 & [2068323, 2309070)leading2 
 -------------------------------------------------------------------------------
2022-12-02 14:19:40,806 WARNING   
 -------- The overlap with rRNA and strand is not correct for NZ_CP076251.1 ------- 
     rRNA interval = 143942 sign = + & strand interval = [168297, 2266333) leading1 
 -------------------------------------------------------------------------------
2022-12-02 14:19:40,808 WARNING   
 -------- The overlap with rRNA and strand is not correct for NZ_CP083804.1 ------- 
     rRNA interval = 147996 sign = + & strand interval = [177145, 2169301) leading1 
 -------------------------------------------------------------------------------
2022-12-02 14:19:40,809 WARNING   
 -------- The overlap with rRNA and strand is not correct for NZ_CP086333.1 ------- 
     rRNA interval = 175538 sign = + & strand interval = [238547, 2814008) leading1 
 -------------------------------------------------------------------------------
2022-12-02 14:19:40,810 WARNING   
 -------- The overlap with rRNA and strand is not correct for NZ_CP086332.1 ------- 
     rRNA interval = 203579 sign = + & strand interval = [236097, 2663871) leading1 
 -------------------------------------------------------------------------------
2022-12-02 14:19:40,824 WARNING   
 -------- The overlap with rRNA and strand is not correct for NZ_CP091781.1 ------- 
     rRNA interval = 4510413 sign = - & strand interval = [2339774, 4376060) lagging1
     rRNA interval = 4516078 sign = - & strand interval = [2339774, 4376060) lagging1 
 -------------------------------------------------------------------------------
2022-12-02 14:19:40,834 WARNING   
 -------- The overlap with rRNA and strand is not correct for NZ_CP059448.1 ------- 
     rRNA interval = 6689 sign = + & strand interval = [43980, 3244797) leading1 
 -------------------------------------------------------------------------------
2022-12-02 14:19:40,894 WARNING   
 -------- The overlap with rRNA and strand is not correct for NZ_CP091899.1 ------- 
     rRNA interval = 2994228 sign = - & strand interval = [1479891, 2987063) lagging1 
 -------------------------------------------------------------------------------
2022-12-02 14:19:40,895 WARNING   
 -------- The overlap with rRNA and strand is not correct for NZ_CP091901.1 ------- 
     rRNA interval = 3050906 sign = - & strand interval = [1509625, 3049550) lagging1 
 -------------------------------------------------------------------------------
2022-12-02 14:19:40,899 WARNING   
 -------- The overlap with rRNA and strand is not correct for NZ_CP092020.1 ------- 
     rRNA interval = 37374 sign = + & strand interval = [46991, 780465) leading1 
 -------------------------------------------------------------------------------
2022-12-02 14:19:40,900 WARNING   
 -------- The overlap with rRNA and strand is not correct for NZ_CP092025.1 ------- 
     rRNA interval = 36613 sign = + & strand interval = [50903, 854058) leading1 
 -------------------------------------------------------------------------------
2022-12-02 14:19:40,901 WARNING   
 -------- The overlap with rRNA and strand is not correct for NZ_CP092026.1 ------- 
     rRNA interval = 37307 sign = + & strand interval = [54666, 886120) leading1 
 -------------------------------------------------------------------------------
2022-12-02 14:19:40,902 WARNING   
 -------- The overlap with rRNA and strand is not correct for NZ_CP092018.1 ------- 
     rRNA interval = 37373 sign = + & strand interval = [51038, 779322) leading1 
 -------------------------------------------------------------------------------
2022-12-02 14:19:40,903 WARNING   
 -------- The overlap with rRNA and strand is not correct for NZ_CP092022.1 ------- 
     rRNA interval = 37397 sign = + & strand interval = [48851, 774043) leading1 
 -------------------------------------------------------------------------------
2022-12-02 14:19:40,904 WARNING   
 -------- The overlap with rRNA and strand is not correct for NZ_CP091985.1 ------- 
     rRNA interval = 875794 sign = + & strand interval = [890661, 2512909) leading1 
 -------------------------------------------------------------------------------
2022-12-02 14:19:40,945 WARNING   
 -------- The overlap with rRNA and strand is not correct for NZ_CP077750.1 ------- 
     rRNA interval = 306143 sign = - & strand interval = [1, 131098)lagging1 & [1904853, 3917182)lagging2
     rRNA interval = 1249564 sign = - & strand interval = [1, 131098)lagging1 & [1904853, 3917182)lagging2
     rRNA interval = 1427670 sign = - & strand interval = [1, 131098)lagging1 & [1904853, 3917182)lagging2
     rRNA interval = 1434188 sign = - & strand interval = [1, 131098)lagging1 & [1904853, 3917182)lagging2
     rRNA interval = 2149432 sign = + & strand interval = [131098, 1904853) leading1 
 -------------------------------------------------------------------------------
2022-12-02 14:19:40,946 WARNING   
 -------- The overlap with rRNA and strand is not correct for NZ_CP077752.1 ------- 
     rRNA interval = 306143 sign = - & strand interval = [1, 133871)lagging1 & [1906920, 3917293)lagging2
     rRNA interval = 1249958 sign = - & strand interval = [1, 133871)lagging1 & [1906920, 3917293)lagging2
     rRNA interval = 1428064 sign = - & strand interval = [1, 133871)lagging1 & [1906920, 3917293)lagging2
     rRNA interval = 1434582 sign = - & strand interval = [1, 133871)lagging1 & [1906920, 3917293)lagging2
     rRNA interval = 2149826 sign = + & strand interval = [133871, 1906920) leading1 
 -------------------------------------------------------------------------------
2022-12-02 14:19:40,947 WARNING   
 -------- The overlap with rRNA and strand is not correct for NZ_CP077754.1 ------- 
     rRNA interval = 305596 sign = - & strand interval = [1, 107894)lagging1 & [2037566, 4157512)lagging2
     rRNA interval = 1304387 sign = - & strand interval = [1, 107894)lagging1 & [2037566, 4157512)lagging2
     rRNA interval = 1476118 sign = - & strand interval = [1, 107894)lagging1 & [2037566, 4157512)lagging2
     rRNA interval = 1482766 sign = - & strand interval = [1, 107894)lagging1 & [2037566, 4157512)lagging2
     rRNA interval = 2335882 sign = + & strand interval = [107894, 2037566) leading1 
 -------------------------------------------------------------------------------
2022-12-02 14:19:40,949 WARNING   
 -------- The overlap with rRNA and strand is not correct for NZ_CP077751.1 ------- 
     rRNA interval = 305596 sign = - & strand interval = [1, 113559)lagging1 & [2029502, 4147521)lagging2
     rRNA interval = 1306814 sign = - & strand interval = [1, 113559)lagging1 & [2029502, 4147521)lagging2
     rRNA interval = 1478545 sign = - & strand interval = [1, 113559)lagging1 & [2029502, 4147521)lagging2
     rRNA interval = 1485193 sign = - & strand interval = [1, 113559)lagging1 & [2029502, 4147521)lagging2
     rRNA interval = 2324653 sign = + & strand interval = [113559, 2029502) leading1 
 -------------------------------------------------------------------------------
2022-12-02 14:19:41,004 WARNING    Nr of records with rRNA and strand non-overlap: 65
