2022-12-05 16:37:08,974 INFO     Logging verbose set to False
2022-12-05 16:37:09,100 DEBUG    OK! No faulty records from NCBI recorded!
2022-12-05 16:37:09,191 WARNING   
 -------- The overlap with rRNA and strand is not correct for 2 ------- 
 rRNA location = 7 sign = - & strand interval = [1, 4)lagging1 & [9, 10]lagging2. Apos Distance to Ori = 0 & rRNA location between dnaApos and Ori = False
 rRNA location = 1 sign = + & strand interval = [4, 9) leading1. Apos Distance to Ori = 0 & rRNA location between dnaApos and Ori = False 
 -------------------------------------------------------------------------------
2022-12-05 16:37:09,192 WARNING   
 -------- The overlap with rRNA and strand is not correct for 4 ------- 
 rRNA location = 10 sign = - & strand interval = [4, 9) lagging1. Apos Distance to Ori = 0 & rRNA location between dnaApos and Ori = False
 rRNA location = 4 sign = + & strand interval = [1, 4)leading1 & [9, 10]leading2. Apos Distance to Ori = 0 & rRNA location between dnaApos and Ori = False 
 -------------------------------------------------------------------------------
2022-12-05 16:37:09,192 WARNING   
 -------- The overlap with rRNA and strand is not correct for 6 ------- 
 rRNA location = 5 sign = - & strand interval = [6, 10]lagging1. Apos Distance to Ori = 1 & rRNA location between dnaApos and Ori = False
 rRNA location = 7 sign = + & strand interval = [1, 6)leading1. Apos Distance to Ori = 1 & rRNA location between dnaApos and Ori = False 
 -------------------------------------------------------------------------------
2022-12-05 16:37:09,192 WARNING   
 -------- The overlap with rRNA and strand is not correct for 7 ------- 
 rRNA location = 8 sign = + & strand interval = [1, 7)leading1 & [9, 10]leading2. Apos Distance to Ori = 0 & rRNA location between dnaApos and Ori = False
 rRNA location = 5 sign = - & strand interval = [7, 9) lagging1. Apos Distance to Ori = 0 & rRNA location between dnaApos and Ori = False 
 -------------------------------------------------------------------------------
2022-12-05 16:37:09,193 WARNING   
 -------- The overlap with rRNA and strand is not correct for 8 ------- 
 rRNA location = 9 sign = - & strand interval = [7, 9) lagging1. Apos Distance to Ori = 0 & rRNA location between dnaApos and Ori = False 
 -------------------------------------------------------------------------------
2022-12-05 16:37:09,193 WARNING   
 -------- The overlap with rRNA and strand is not correct for 9 ------- 
 rRNA location = 5 sign = + & strand interval = [2, 5) leading1. Apos Distance to Ori = 2 & rRNA location between dnaApos and Ori = False
 rRNA location = 4 sign = - & strand interval = [1, 2)lagging1 & [5, 10]lagging2. Apos Distance to Ori = 2 & rRNA location between dnaApos and Ori = True 
 -------------------------------------------------------------------------------
2022-12-05 16:37:09,193 WARNING    Nr of records with rRNA and strand non-overlap: 6
2022-12-05 16:37:24,888 INFO     Logging verbose set to False
2022-12-05 16:37:24,995 DEBUG    OK! No faulty records from NCBI recorded!
2022-12-05 16:37:25,055 WARNING   
 -------- The overlap with rRNA and strand is not correct for 2 ------- 
 rRNA location = 7 sign = - & strand interval = [1, 4)lagging1 & [9, 10]lagging2. Apos Distance to Ori = 0 & rRNA location between dnaApos and Ori = False
 rRNA location = 1 sign = + & strand interval = [4, 9) leading1. Apos Distance to Ori = 0 & rRNA location between dnaApos and Ori = False 
 -------------------------------------------------------------------------------
2022-12-05 16:37:25,056 WARNING   
 -------- The overlap with rRNA and strand is not correct for 4 ------- 
 rRNA location = 10 sign = - & strand interval = [4, 9) lagging1. Apos Distance to Ori = 0 & rRNA location between dnaApos and Ori = False
 rRNA location = 4 sign = + & strand interval = [1, 4)leading1 & [9, 10]leading2. Apos Distance to Ori = 0 & rRNA location between dnaApos and Ori = False 
 -------------------------------------------------------------------------------
2022-12-05 16:37:25,057 WARNING   
 -------- The overlap with rRNA and strand is not correct for 6 ------- 
 rRNA location = 5 sign = - & strand interval = [6, 10]lagging1. Apos Distance to Ori = 1 & rRNA location between dnaApos and Ori = False
 rRNA location = 7 sign = + & strand interval = [1, 6)leading1. Apos Distance to Ori = 1 & rRNA location between dnaApos and Ori = False 
 -------------------------------------------------------------------------------
2022-12-05 16:37:25,057 WARNING   
 -------- The overlap with rRNA and strand is not correct for 7 ------- 
 rRNA location = 8 sign = + & strand interval = [1, 7)leading1 & [9, 10]leading2. Apos Distance to Ori = 0 & rRNA location between dnaApos and Ori = False
 rRNA location = 5 sign = - & strand interval = [7, 9) lagging1. Apos Distance to Ori = 0 & rRNA location between dnaApos and Ori = False 
 -------------------------------------------------------------------------------
2022-12-05 16:37:25,057 WARNING   
 -------- The overlap with rRNA and strand is not correct for 8 ------- 
 rRNA location = 9 sign = - & strand interval = [7, 9) lagging1. Apos Distance to Ori = 0 & rRNA location between dnaApos and Ori = False 
 -------------------------------------------------------------------------------
2022-12-05 16:37:25,058 WARNING   
 -------- The overlap with rRNA and strand is not correct for 9 ------- 
 rRNA location = 5 sign = + & strand interval = [2, 5) leading1. Apos Distance to Ori = 2 & rRNA location between dnaApos and Ori = False
 rRNA location = 4 sign = - & strand interval = [1, 2)lagging1 & [5, 10]lagging2. Apos Distance to Ori = 2 & rRNA location between dnaApos and Ori = True 
 -------------------------------------------------------------------------------
2022-12-05 16:37:25,058 WARNING    Nr of records with rRNA and strand non-overlap: 6
2022-12-05 16:37:33,706 INFO     Logging verbose set to False
2022-12-05 16:37:33,824 DEBUG    OK! No faulty records from NCBI recorded!
2022-12-05 16:37:33,886 WARNING   
 -------- The overlap with rRNA and strand is not correct for 2 ------- 
 rRNA location = 7 sign = - & strand interval = [1, 4)lagging1 & [9, 10]lagging2. Apos Distance to Ori = 0 & rRNA location between dnaApos and Ori = False
 rRNA location = 1 sign = + & strand interval = [4, 9) leading1. Apos Distance to Ori = 0 & rRNA location between dnaApos and Ori = False 
 -------------------------------------------------------------------------------
2022-12-05 16:37:33,887 WARNING   
 -------- The overlap with rRNA and strand is not correct for 4 ------- 
 rRNA location = 10 sign = - & strand interval = [4, 9) lagging1. Apos Distance to Ori = 0 & rRNA location between dnaApos and Ori = False
 rRNA location = 4 sign = + & strand interval = [1, 4)leading1 & [9, 10]leading2. Apos Distance to Ori = 0 & rRNA location between dnaApos and Ori = False 
 -------------------------------------------------------------------------------
2022-12-05 16:37:33,887 WARNING   
 -------- The overlap with rRNA and strand is not correct for 6 ------- 
 rRNA location = 5 sign = - & strand interval = [6, 10]lagging1. Apos Distance to Ori = 1 & rRNA location between dnaApos and Ori = False
 rRNA location = 7 sign = + & strand interval = [1, 6)leading1. Apos Distance to Ori = 1 & rRNA location between dnaApos and Ori = False 
 -------------------------------------------------------------------------------
2022-12-05 16:37:33,888 WARNING   
 -------- The overlap with rRNA and strand is not correct for 7 ------- 
 rRNA location = 8 sign = + & strand interval = [1, 7)leading1 & [9, 10]leading2. Apos Distance to Ori = 0 & rRNA location between dnaApos and Ori = False
 rRNA location = 5 sign = - & strand interval = [7, 9) lagging1. Apos Distance to Ori = 0 & rRNA location between dnaApos and Ori = False 
 -------------------------------------------------------------------------------
2022-12-05 16:37:33,888 WARNING   
 -------- The overlap with rRNA and strand is not correct for 8 ------- 
 rRNA location = 9 sign = - & strand interval = [7, 9) lagging1. Apos Distance to Ori = 0 & rRNA location between dnaApos and Ori = False 
 -------------------------------------------------------------------------------
2022-12-05 16:37:33,888 WARNING   
 -------- The overlap with rRNA and strand is not correct for 9 ------- 
 rRNA location = 5 sign = + & strand interval = [2, 5) leading1. Apos Distance to Ori = 2 & rRNA location between dnaApos and Ori = False
 rRNA location = 4 sign = - & strand interval = [1, 2)lagging1 & [5, 10]lagging2. Apos Distance to Ori = 2 & rRNA location between dnaApos and Ori = True 
 -------------------------------------------------------------------------------
2022-12-05 16:37:33,889 WARNING    Nr of records with rRNA and strand non-overlap: 6
