2022-12-14 14:24:58,916 INFO     Logging verbose set to False
2022-12-14 14:40:16,188 WARNING   
 -------- No rRNA was found for: --------  
 NC_002506.1 
 NC_005824.1 
 NC_007953.1 
 NC_008255.1 
 NC_008044.1 
 NC_009879.1 
 NC_009456.1 
 NC_011983.1 
 NC_010845.1 
 NC_010843.1 
 NC_012583.1 
 NC_012580.1 
 NC_012667.1 
 NC_013526.1 
 NC_004343.2 
 NC_014335.1 
 NC_014370.1 
 NC_014365.1 
 NC_018581.1 
 NC_014377.1 
 NC_015596.1 
 NC_016446.1 
 -------------------------------------------------------------------------------
2022-12-14 14:40:16,188 DEBUG    OK! No faulty records from NCBI recorded!
2022-12-14 14:40:19,011 WARNING   
 -------- The overlap with rRNA and strand is not correct for NC_004088.1 ------- 
 rRNA location = 12015 sign = + & strand interval = [248823, 2262716)leading1. Apos Distance to Ori = 283070 & rRNA location between dnaApos and Ori = True 
 -------------------------------------------------------------------------------
