2022-11-30 13:14:46,817 INFO     Logging verbose set to False
2022-11-30 13:14:56,426 WARNING   
No rRNA was found for NZ_CP071753.1
2022-11-30 13:16:37,268 WARNING   
No rRNA was found for NZ_CP049214.1
2022-11-30 13:23:33,230 WARNING   
No rRNA was found for NZ_CP072848.1
2022-11-30 13:24:01,845 WARNING   
No rRNA was found for NZ_CP072850.1
2022-11-30 13:25:25,389 WARNING   
No rRNA was found for NZ_CP072362.1
2022-11-30 13:25:25,440 WARNING   
No rRNA was found for NZ_CP072359.1
2022-11-30 13:26:38,072 WARNING   
No rRNA was found for NZ_CP073111.1
2022-11-30 13:26:47,511 WARNING   
No rRNA was found for NZ_CP073274.1
2022-11-30 13:28:20,485 WARNING   
No rRNA was found for NZ_CP073582.1
2022-11-30 13:32:23,751 WARNING   
No rRNA was found for NZ_CP072637.1
2022-11-30 13:32:44,949 WARNING   
No rRNA was found for NZ_CP072649.1
2022-11-30 13:32:45,353 WARNING   
No rRNA was found for NZ_CP072639.1
2022-11-30 13:36:53,416 WARNING   
No rRNA was found for NZ_CP072621.1
2022-11-30 13:36:53,506 WARNING   
No rRNA was found for NZ_CP072623.1
2022-11-30 13:37:14,308 WARNING   
No rRNA was found for NZ_CP072625.1
2022-11-30 13:37:14,381 WARNING   
No rRNA was found for NZ_CP072631.1
2022-11-30 13:37:14,458 WARNING   
No rRNA was found for NZ_CP072619.1
2022-11-30 13:37:14,486 WARNING   
No rRNA was found for NZ_CP072629.1
2022-11-30 13:37:14,507 WARNING   
No rRNA was found for NZ_CP072627.1
2022-11-30 13:41:01,132 WARNING   
No rRNA was found for NZ_CP071819.1
2022-11-30 13:41:01,136 WARNING   
No rRNA was found for NZ_CP076008.1
2022-11-30 13:48:57,574 WARNING   
No rRNA was found for NZ_CP076356.1
2022-11-30 13:53:56,630 DEBUG    OK! No faulty records from NCBI recorded!
2022-11-30 13:54:00,029 WARNING   
 -------- The overlap with rRNA and strand is not correct for NZ_CP059089.1 ------- 
     rRNA interval = 78809 & strand interval = [80494, 2082818) 
 -------------------------------------------------------------------------------
2022-11-30 13:54:00,035 WARNING   
 -------- The overlap with rRNA and strand is not correct for NZ_CP088282.1 ------- 
     rRNA interval = 3001657 & strand interval = [4146229, 8549411) 
 -------------------------------------------------------------------------------
2022-11-30 13:54:00,043 WARNING   
 -------- The overlap with rRNA and strand is not correct for NZ_CP071825.1 ------- 
     rRNA interval = 3917151 & strand interval = [30833, 1815371) 
 -------------------------------------------------------------------------------
2022-11-30 13:54:00,044 WARNING   
 -------- The overlap with rRNA and strand is not correct for NZ_CP071839.1 ------- 
     rRNA interval = 1731497 & strand interval = [4646868, 8773898)
     rRNA interval = 2222330 & strand interval = [4646868, 8773898)
     rRNA interval = 3649697 & strand interval = [4646868, 8773898)
     rRNA interval = 4221125 & strand interval = [4646868, 8773898)
     rRNA interval = 4972667 & strand interval = [67428, 4646868)
     rRNA interval = 6296467 & strand interval = [67428, 4646868) 
 -------------------------------------------------------------------------------
2022-11-30 13:54:00,048 WARNING   
 -------- The overlap with rRNA and strand is not correct for NZ_CP050854.1 ------- 
     rRNA interval = 5223141 & strand interval = [2414654, 5199799) 
 -------------------------------------------------------------------------------
2022-11-30 13:54:00,067 WARNING   
 -------- The overlap with rRNA and strand is not correct for NZ_CP066366.1 ------- 
     rRNA interval = 3886653 & strand interval = [58832, 2091250) 
 -------------------------------------------------------------------------------
2022-11-30 13:54:00,094 WARNING   
 -------- The overlap with rRNA and strand is not correct for NZ_CP071139.1 ------- 
     rRNA interval = 2126904 & strand interval = [3815721, 8975583)
     rRNA interval = 2617862 & strand interval = [3815721, 8975583)
     rRNA interval = 5204692 & strand interval = [8975583, 9022915)
     rRNA interval = 6545565 & strand interval = [8975583, 9022915) 
 -------------------------------------------------------------------------------
2022-11-30 13:54:00,141 WARNING   
 -------- The overlap with rRNA and strand is not correct for NZ_CP072455.1 ------- 
     rRNA interval = 55816 & strand interval = [103608, 2432229) 
 -------------------------------------------------------------------------------
2022-11-30 13:54:00,169 WARNING   
 -------- The overlap with rRNA and strand is not correct for NZ_CP072611.1 ------- 
     rRNA interval = 981102 & strand interval = [2949492, 3822310) 
 -------------------------------------------------------------------------------
2022-11-30 13:54:00,169 WARNING   
 -------- The overlap with rRNA and strand is not correct for NZ_CP066833.1 ------- 
     rRNA interval = 3962765 & strand interval = [1906143, 3905614) 
 -------------------------------------------------------------------------------
2022-11-30 13:54:00,169 WARNING   
 -------- The overlap with rRNA and strand is not correct for NZ_CP072463.1 ------- 
     rRNA interval = 5374530 & strand interval = [2709457, 5347921)
     rRNA interval = 5466402 & strand interval = [2709457, 5347921)
     rRNA interval = 5570849 & strand interval = [2709457, 5347921) 
 -------------------------------------------------------------------------------
2022-11-30 13:54:00,177 WARNING   
 -------- The overlap with rRNA and strand is not correct for NZ_CP072605.1 ------- 
     rRNA interval = 1375495 & strand interval = [900, 1096722) 
 -------------------------------------------------------------------------------
2022-11-30 13:54:00,182 WARNING   
 -------- The overlap with rRNA and strand is not correct for NZ_CP072579.1 ------- 
     rRNA interval = 2816687 & strand interval = [1377302, 2787505) 
 -------------------------------------------------------------------------------
2022-11-30 13:54:00,217 WARNING   
 -------- The overlap with rRNA and strand is not correct for NZ_CP072779.1 ------- 
     rRNA interval = 4028307 & strand interval = [2012565, 4011042) 
 -------------------------------------------------------------------------------
2022-11-30 13:54:00,227 WARNING   
 -------- The overlap with rRNA and strand is not correct for NZ_CP066194.1 ------- 
     rRNA interval = 1621742 & strand interval = [3836453, 4132004)
     rRNA interval = 1641572 & strand interval = [3836453, 4132004) 
 -------------------------------------------------------------------------------
2022-11-30 13:54:00,227 WARNING   
 -------- The overlap with rRNA and strand is not correct for NZ_CP072826.1 ------- 
     rRNA interval = 5183325 & strand interval = [66439, 2046423) 
 -------------------------------------------------------------------------------
2022-11-30 13:54:00,244 WARNING   
 -------- The overlap with rRNA and strand is not correct for NZ_CP043958.1 ------- 
     rRNA interval = 1648610 & strand interval = [3990220, 9741970)
     rRNA interval = 2156541 & strand interval = [3990220, 9741970)
     rRNA interval = 3827327 & strand interval = [3990220, 9741970)
     rRNA interval = 5617156 & strand interval = [128299, 3990220)
     rRNA interval = 7191263 & strand interval = [128299, 3990220) 
 -------------------------------------------------------------------------------
2022-11-30 13:54:00,248 WARNING   
 -------- The overlap with rRNA and strand is not correct for NZ_CP043957.1 ------- 
     rRNA interval = 1748748 & strand interval = [4070811, 9982979)
     rRNA interval = 2258079 & strand interval = [4070811, 9982979)
     rRNA interval = 3929178 & strand interval = [4070811, 9982979)
     rRNA interval = 5631104 & strand interval = [101579, 4070811)
     rRNA interval = 7141664 & strand interval = [101579, 4070811) 
 -------------------------------------------------------------------------------
2022-11-30 13:54:00,249 WARNING   
 -------- The overlap with rRNA and strand is not correct for NZ_CP043956.1 ------- 
     rRNA interval = 1695961 & strand interval = [4100101, 9782454)
     rRNA interval = 2203880 & strand interval = [4100101, 9782454)
     rRNA interval = 3979124 & strand interval = [4100101, 9782454)
     rRNA interval = 5792766 & strand interval = [2202, 4100101)
     rRNA interval = 7304303 & strand interval = [2202, 4100101) 
 -------------------------------------------------------------------------------
2022-11-30 13:54:00,309 WARNING   
 -------- The overlap with rRNA and strand is not correct for NZ_CP073248.1 ------- 
     rRNA interval = 1849583 & strand interval = [1852273, 3754012) 
 -------------------------------------------------------------------------------
2022-11-30 13:54:00,315 WARNING   
 -------- The overlap with rRNA and strand is not correct for NZ_CP073246.1 ------- 
     rRNA interval = 3478663 & strand interval = [3483604, 3814884) 
 -------------------------------------------------------------------------------
2022-11-30 13:54:00,317 WARNING   
 -------- The overlap with rRNA and strand is not correct for NZ_CP073244.1 ------- 
     rRNA interval = 1323251 & strand interval = [1374854, 3248901) 
 -------------------------------------------------------------------------------
2022-11-30 13:54:00,317 WARNING   
 -------- The overlap with rRNA and strand is not correct for NZ_CP073241.1 ------- 
     rRNA interval = 2633636 & strand interval = [2637404, 3319572) 
 -------------------------------------------------------------------------------
2022-11-30 13:54:00,326 WARNING   
 -------- The overlap with rRNA and strand is not correct for NZ_CP073249.1 ------- 
     rRNA interval = 3107772 & strand interval = [4735775, 8340579)
     rRNA interval = 3813201 & strand interval = [4735775, 8340579)
     rRNA interval = 4581471 & strand interval = [4735775, 8340579)
     rRNA interval = 6497521 & strand interval = [538220, 4735775)
     rRNA interval = 6836492 & strand interval = [538220, 4735775) 
 -------------------------------------------------------------------------------
2022-11-30 13:54:00,326 WARNING   
 -------- The overlap with rRNA and strand is not correct for NZ_CP073315.1 ------- 
     rRNA interval = 811273 & strand interval = [2146911, 4301977)
     rRNA interval = 1175538 & strand interval = [2146911, 4301977)
     rRNA interval = 1374427 & strand interval = [2146911, 4301977)
     rRNA interval = 1609154 & strand interval = [2146911, 4301977)
     rRNA interval = 1615381 & strand interval = [2146911, 4301977)
     rRNA interval = 1923568 & strand interval = [2146911, 4301977)
     rRNA interval = 2153847 & strand interval = [35518, 2146911)
     rRNA interval = 2174726 & strand interval = [35518, 2146911)
     rRNA interval = 2236790 & strand interval = [35518, 2146911)
     rRNA interval = 2242679 & strand interval = [35518, 2146911) 
 -------------------------------------------------------------------------------
2022-11-30 13:54:00,333 WARNING   
 -------- The overlap with rRNA and strand is not correct for NZ_CP073310.1 ------- 
     rRNA interval = 3315227 & strand interval = [3402051, 5419016) 
 -------------------------------------------------------------------------------
2022-11-30 13:54:00,341 WARNING   
 -------- The overlap with rRNA and strand is not correct for NZ_CP073305.1 ------- 
     rRNA interval = 233389 & strand interval = [3307331, 6473322) 
 -------------------------------------------------------------------------------
2022-11-30 13:54:00,342 WARNING   
 -------- The overlap with rRNA and strand is not correct for NZ_CP058557.1 ------- 
     rRNA interval = 1097497 & strand interval = [1099140, 2650415) 
 -------------------------------------------------------------------------------
2022-11-30 13:54:00,342 WARNING   
 -------- The overlap with rRNA and strand is not correct for NZ_CP032066.1 ------- 
     rRNA interval = 1648936 & strand interval = [4836475, 4889221) 
 -------------------------------------------------------------------------------
2022-11-30 13:54:00,351 WARNING   
 -------- The overlap with rRNA and strand is not correct for NZ_CP068565.1 ------- 
     rRNA interval = 36597 & strand interval = [37163, 991639) 
 -------------------------------------------------------------------------------
2022-11-30 13:54:00,351 WARNING   
 -------- The overlap with rRNA and strand is not correct for NZ_CP068566.1 ------- 
     rRNA interval = 36597 & strand interval = [37761, 992062) 
 -------------------------------------------------------------------------------
2022-11-30 13:54:00,362 WARNING   
 -------- The overlap with rRNA and strand is not correct for NZ_CP068586.1 ------- 
     rRNA interval = 36599 & strand interval = [77779, 825485) 
 -------------------------------------------------------------------------------
2022-11-30 13:54:00,362 WARNING   
 -------- The overlap with rRNA and strand is not correct for NZ_CP068581.1 ------- 
     rRNA interval = 36599 & strand interval = [81292, 822995) 
 -------------------------------------------------------------------------------
2022-11-30 13:54:00,416 WARNING   
 -------- The overlap with rRNA and strand is not correct for NZ_CP073630.1 ------- 
     rRNA interval = 622708 & strand interval = [670654, 2715335) 
 -------------------------------------------------------------------------------
2022-11-30 13:54:00,426 WARNING   
 -------- The overlap with rRNA and strand is not correct for NZ_CP073589.1 ------- 
     rRNA interval = 3307438 & strand interval = [3325084, 5024653) 
 -------------------------------------------------------------------------------
2022-11-30 13:54:00,435 WARNING   
 -------- The overlap with rRNA and strand is not correct for NZ_CP073673.1 ------- 
     rRNA interval = 918507 & strand interval = [1970742, 3533737)
     rRNA interval = 2284096 & strand interval = [3533737, 3737355)
     rRNA interval = 2490149 & strand interval = [3533737, 3737355) 
 -------------------------------------------------------------------------------
2022-11-30 13:54:00,467 WARNING   
 -------- The overlap with rRNA and strand is not correct for NZ_CP073771.1 ------- 
     rRNA interval = 4688987 & strand interval = [2300340, 4635125) 
 -------------------------------------------------------------------------------
2022-11-30 13:54:00,492 WARNING   
 -------- The overlap with rRNA and strand is not correct for NZ_CP073778.1 ------- 
     rRNA interval = 2263719 & strand interval = [3897002, 7767148)
     rRNA interval = 3704788 & strand interval = [3897002, 7767148)
     rRNA interval = 3713223 & strand interval = [3897002, 7767148)
     rRNA interval = 4402665 & strand interval = [7767148, 8035917)
     rRNA interval = 4737620 & strand interval = [7767148, 8035917)
     rRNA interval = 5937763 & strand interval = [7767148, 8035917)
     rRNA interval = 6445618 & strand interval = [7767148, 8035917) 
 -------------------------------------------------------------------------------
2022-11-30 13:54:00,516 WARNING   
 -------- The overlap with rRNA and strand is not correct for NZ_CP073914.1 ------- 
     rRNA interval = 4089674 & strand interval = [1837082, 4052236) 
 -------------------------------------------------------------------------------
2022-11-30 13:54:00,543 WARNING   
 -------- The overlap with rRNA and strand is not correct for NZ_CP072636.1 ------- 
     rRNA interval = 1335779 & strand interval = [1412936, 2658395) 
 -------------------------------------------------------------------------------
2022-11-30 13:54:00,563 WARNING   
 -------- The overlap with rRNA and strand is not correct for NZ_CP070502.1 ------- 
     rRNA interval = 2381585 & strand interval = [2382601, 3978256) 
 -------------------------------------------------------------------------------
2022-11-30 13:54:00,592 WARNING   
 -------- The overlap with rRNA and strand is not correct for NZ_CP074111.1 ------- 
     rRNA interval = 1330722 & strand interval = [4014245, 8151965)
     rRNA interval = 1770316 & strand interval = [4014245, 8151965)
     rRNA interval = 3178149 & strand interval = [4014245, 8151965)
     rRNA interval = 3743192 & strand interval = [4014245, 8151965)
     rRNA interval = 4431755 & strand interval = [82911, 4014245)
     rRNA interval = 5924412 & strand interval = [82911, 4014245) 
 -------------------------------------------------------------------------------
2022-11-30 13:54:00,601 WARNING   
 -------- The overlap with rRNA and strand is not correct for NZ_CP074132.1 ------- 
     rRNA interval = 5312 & strand interval = [419430, 3326406)
     rRNA interval = 121792 & strand interval = [419430, 3326406)
     rRNA interval = 2401190 & strand interval = [3326406, 6602216)
     rRNA interval = 5601792 & strand interval = [419430, 3326406)
     rRNA interval = 5995696 & strand interval = [419430, 3326406) 
 -------------------------------------------------------------------------------
2022-11-30 13:54:00,634 WARNING   
 -------- The overlap with rRNA and strand is not correct for NZ_CP047424.1 ------- 
     rRNA interval = 4543550 & strand interval = [2198092, 4540025) 
 -------------------------------------------------------------------------------
2022-11-30 13:54:00,667 WARNING   
 -------- The overlap with rRNA and strand is not correct for NZ_CP062698.1 ------- 
     rRNA interval = 377604 & strand interval = [1190658, 3295536) 
 -------------------------------------------------------------------------------
2022-11-30 13:54:00,681 WARNING   
 -------- The overlap with rRNA and strand is not correct for NZ_CP074572.1 ------- 
     rRNA interval = 1838227 & strand interval = [1839745, 3879587) 
 -------------------------------------------------------------------------------
2022-11-30 13:54:00,717 WARNING   
 -------- The overlap with rRNA and strand is not correct for NZ_CP049795.1 ------- 
     rRNA interval = 1373987 & strand interval = [3337581, 6722354)
     rRNA interval = 4235946 & strand interval = [1519, 3337581)
     rRNA interval = 4241582 & strand interval = [1519, 3337581) 
 -------------------------------------------------------------------------------
2022-11-30 13:54:00,748 WARNING   
 -------- The overlap with rRNA and strand is not correct for NZ_CP075875.1 ------- 
     rRNA interval = 2904355 & strand interval = [44, 1942754) 
 -------------------------------------------------------------------------------
2022-11-30 13:54:00,775 WARNING   
 -------- The overlap with rRNA and strand is not correct for NZ_CP075896.1 ------- 
     rRNA interval = 2062543 & strand interval = [3788850, 8599512)
     rRNA interval = 3514904 & strand interval = [3788850, 8599512)
     rRNA interval = 4432184 & strand interval = [1866, 3788850)
     rRNA interval = 5059102 & strand interval = [1866, 3788850)
     rRNA interval = 6716267 & strand interval = [1866, 3788850)
     rRNA interval = 7208700 & strand interval = [1866, 3788850) 
 -------------------------------------------------------------------------------
2022-11-30 13:54:00,851 WARNING   
 -------- The overlap with rRNA and strand is not correct for NZ_CP076123.1 ------- 
     rRNA interval = 4171065 & strand interval = [4267628, 5048307) 
 -------------------------------------------------------------------------------
2022-11-30 13:54:00,877 WARNING   
 -------- The overlap with rRNA and strand is not correct for NZ_CP036014.1 ------- 
     rRNA interval = 2434765 & strand interval = [2441779, 4998230) 
 -------------------------------------------------------------------------------
2022-11-30 13:54:00,936 WARNING   
 -------- The overlap with rRNA and strand is not correct for NZ_CP064826.1 ------- 
     rRNA interval = 48227 & strand interval = [48298, 2071433) 
 -------------------------------------------------------------------------------
2022-11-30 13:54:00,936 WARNING   
 -------- The overlap with rRNA and strand is not correct for NZ_CP069163.1 ------- 
     rRNA interval = 3424850 & strand interval = [1704827, 3409616) 
 -------------------------------------------------------------------------------
2022-11-30 13:54:00,945 WARNING   
 -------- The overlap with rRNA and strand is not correct for NZ_CP059009.1 ------- 
     rRNA interval = 447636 & strand interval = [464877, 901340)
     rRNA interval = 449567 & strand interval = [464877, 901340) 
 -------------------------------------------------------------------------------
2022-11-30 13:54:00,950 WARNING   
 -------- The overlap with rRNA and strand is not correct for NZ_CP029280.1 ------- 
     rRNA interval = 170381 & strand interval = [181927, 2667447) 
 -------------------------------------------------------------------------------
2022-11-30 13:54:00,950 WARNING   
 -------- The overlap with rRNA and strand is not correct for NZ_CP029277.1 ------- 
     rRNA interval = 119998 & strand interval = [122782, 2560270) 
 -------------------------------------------------------------------------------
2022-11-30 13:54:00,978 WARNING   
 -------- The overlap with rRNA and strand is not correct for NZ_CP076405.1 ------- 
     rRNA interval = 81004 & strand interval = [96379, 2202198) 
 -------------------------------------------------------------------------------
2022-11-30 13:54:00,978 WARNING   
 -------- The overlap with rRNA and strand is not correct for NZ_CP076407.1 ------- 
     rRNA interval = 81004 & strand interval = [95370, 2204573) 
 -------------------------------------------------------------------------------
2022-11-30 13:54:00,983 WARNING   
 -------- The overlap with rRNA and strand is not correct for NZ_CP076406.1 ------- 
     rRNA interval = 81004 & strand interval = [95641, 2204635) 
 -------------------------------------------------------------------------------
2022-11-30 13:54:00,983 WARNING   
 -------- The overlap with rRNA and strand is not correct for NZ_CP076443.1 ------- 
     rRNA interval = 4612 & strand interval = [23120, 721286) 
 -------------------------------------------------------------------------------
2022-11-30 13:54:00,983 WARNING   
 -------- The overlap with rRNA and strand is not correct for NZ_CP071312.1 ------- 
     rRNA interval = 1665203 & strand interval = [25649, 1173525) 
 -------------------------------------------------------------------------------
2022-11-30 13:54:00,983 WARNING   
 -------- The overlap with rRNA and strand is not correct for NZ_CP076458.1 ------- 
     rRNA interval = 10225 & strand interval = [17287, 1654187) 
 -------------------------------------------------------------------------------
2022-11-30 13:54:00,992 WARNING   
 -------- The overlap with rRNA and strand is not correct for NZ_CP049144.1 ------- 
     rRNA interval = 1282053 & strand interval = [3480856, 4359628) 
 -------------------------------------------------------------------------------
2022-11-30 13:54:00,993 WARNING   
 -------- The overlap with rRNA and strand is not correct for NZ_CP076457.1 ------- 
     rRNA interval = 1583151 & strand interval = [3220238, 7695588)
     rRNA interval = 4064713 & strand interval = [1012, 3220238)
     rRNA interval = 4311275 & strand interval = [1012, 3220238)
     rRNA interval = 4868699 & strand interval = [1012, 3220238)
     rRNA interval = 6368747 & strand interval = [1012, 3220238)
     rRNA interval = 6809264 & strand interval = [1012, 3220238) 
 -------------------------------------------------------------------------------
2022-11-30 13:54:00,993 WARNING    Nr of records with rRNA and strand non-overlap: 64
