2022-12-02 10:53:06,042 INFO     Logging verbose set to False
2022-12-02 10:59:33,600 WARNING   
No rRNA was found for NZ_CP092673.1
2022-12-02 10:59:33,690 WARNING   
No rRNA was found for NZ_CP092666.1
2022-12-02 10:59:33,716 WARNING   
No rRNA was found for NZ_CP092678.1
2022-12-02 11:01:52,467 WARNING   
No rRNA was found for NZ_CP092736.1
2022-12-02 11:01:52,580 WARNING   
No rRNA was found for NZ_CP092741.1
2022-12-02 11:12:26,600 WARNING   
No rRNA was found for NZ_CP093324.1
2022-12-02 11:22:04,623 WARNING   
No rRNA was found for NZ_CP091941.1
2022-12-02 11:22:04,658 WARNING   
No rRNA was found for NZ_CP091948.1
2022-12-02 11:22:04,777 WARNING   
No rRNA was found for NZ_CP091954.1
2022-12-02 11:22:21,122 WARNING   
No rRNA was found for NZ_CP091963.1
2022-12-02 11:23:50,026 WARNING  Faulty records from NCBI: ['NZ_CP094855.1', 'NZ_CP094841.1', 'NZ_CP094620.1', 'NZ_CP094846.1', 'NZ_CP094872.1', 'NZ_AP025563.1', 'NZ_AP025560.1', 'NZ_AP025562.1', 'NZ_CP050251.1', 'NZ_AP025558.1', 'NZ_CP090477.1', 'NZ_CP083239.1', 'NZ_CP092411.1', 'NZ_AP025585.1', 'NZ_AP025566.1', 'NZ_AP025575.1', 'NZ_AP025581.1', 'NZ_AP025577.1', 'NZ_AP025567.1', 'NZ_AP025569.1', 'NZ_AP025568.1', 'NZ_AP025570.1', 'NZ_AP025565.1', 'NZ_AP025603.1', 'NZ_AP025593.1', 'NZ_AP025613.1', 'NZ_AP025596.1', 'NZ_AP025609.1', 'NZ_AP025617.1', 'NZ_AP025623.1', 'NZ_AP025677.1', 'NZ_AP025556.1', 'NZ_AP025682.1', 'NZ_AP025635.1', 'NZ_CP094929.1', 'NZ_AP025627.1', 'NZ_AP025589.1', 'NZ_CP094930.1', 'NZ_AP025625.1', 'NZ_AP025621.1', 'NZ_AP025685.1', 'NZ_CP094828.1', 'NZ_AP025667.1', 'NZ_CP064364.1', 'NZ_CP064359.1', 'NZ_CP064367.1', 'NZ_CP094971.1', 'NZ_CP064374.1', 'NZ_CP064365.1', 'NZ_CP094998.1', 'NZ_CP064373.1', 'NZ_CP064363.1', 'NZ_CP064368.1', 'NZ_CP064381.1', 'NZ_CP064379.1', 'NZ_CP064389.1', 'NZ_CP064382.1', 'NZ_CP064385.1', 'NZ_CP094997.1', 'NZ_CP094987.1', 'NZ_CP094999.1', 'NZ_CP064387.1', 'NZ_CP064383.1', 'NZ_CP064378.1', 'NZ_CP069067.1', 'NZ_CP069062.1', 'NZ_CP069065.1', 'NZ_CP069063.1', 'NZ_CP069066.1', 'NZ_CP069064.1', 'NZ_CP064391.1', 'NZ_CP064377.1', 'NZ_CP064376.1', 'NZ_CP078521.1', 'NZ_CP069070.1', 'NZ_CP069077.1', 'NZ_CP069073.1', 'NZ_CP069074.1', 'NZ_CP069075.1', 'NZ_CP069069.1', 'NZ_CP069072.1', 'NZ_CP069071.1', 'NZ_CP069076.1', 'NZ_CP064772.1', 'NZ_CP086066.1', 'NZ_CP074348.1', 'NZ_CP058671.1', 'NZ_CP058353.1', 'NZ_CP068018.1', 'NZ_CP064768.1', 'NZ_CP050148.1', 'NZ_CP050147.1', 'NZ_CP050149.1', 'NZ_CP091507.1', 'NZ_CP091508.1', 'NZ_CP091510.1', 'NZ_CP091518.1', 'NZ_CP091515.1', 'NZ_CP091512.1', 'NZ_CP091509.1', 'NZ_CP091511.1', 'NZ_CP087272.1', 'NZ_CP087111.1', 'NZ_CP084263.1', 'NZ_CP084261.1', 'NZ_CP084260.1', 'NZ_CP091516.1', 'NZ_CP084265.1', 'NZ_CP091519.1', 'NZ_CP095020.1', 'NZ_CP095022.1', 'NZ_CP095021.1', 'NZ_CP095023.1', 'NZ_CP084274.1', 'NZ_CP084286.1', 'NZ_CP084272.1', 'NZ_CP084284.1', 'NZ_CP084271.1', 'NZ_CP084283.1', 'NZ_CP095088.1', 'NZ_CP095072.1', 'NZ_CP095083.1', 'NZ_CP095086.1', 'NZ_CP095045.1', 'NZ_CP095090.1', 'NZ_CP095044.1', 'NZ_CP095043.1', 'NZ_CP095058.1', 'NZ_CP095049.1', 'NZ_CP095071.1', 'NZ_CP095091.1', 'NZ_CP095074.1', 'NZ_CP095046.1', 'NZ_CP094056.1', 'NZ_CP094059.1', 'NZ_CP094051.1', 'NZ_CP094052.1', 'NZ_CP094058.1', 'NZ_CP094054.1', 'NZ_CP095061.1', 'NZ_CP095075.1', 'NZ_CP087266.1', 'NZ_CP095121.1', 'NZ_CP094062.1', 'NZ_CP094074.1', 'NZ_CP094064.1', 'NZ_CP094063.1', 'NZ_CP094066.1', 'NZ_CP094065.1', 'NZ_CP094070.1', 'NZ_CP094073.1', 'NZ_CP094071.1', 'NZ_CP094067.1', 'NZ_CP094078.1', 'NZ_CP094082.1', 'NZ_CP094085.1', 'NZ_CP094088.1', 'NZ_CP094079.1', 'NZ_CP094090.1', 'NZ_CP094083.1', 'NZ_CP094091.1', 'NZ_CP094080.1', 'NZ_CP094087.1', 'NZ_CP094093.1', 'NZ_CP094101.1', 'NZ_CP094098.1', 'NZ_CP094105.1', 'NZ_CP094102.1', 'NZ_CP094096.1', 'NZ_CP094106.1', 'NZ_CP094099.1', 'NZ_CP094094.1', 'NZ_CP094095.1', 'NZ_CP094109.1', 'NZ_CP094116.1', 'NZ_CP094175.1', 'NZ_CP094177.1', 'NZ_CP094115.1', 'NZ_CP094113.1', 'NZ_CP094117.1', 'NZ_CP094111.1', 'NZ_CP094119.1', 'NZ_CP094110.1', 'NZ_CP094178.1', 'NZ_CP094122.1', 'NZ_CP094132.1', 'NZ_CP094124.1', 'NZ_CP094130.1', 'NZ_CP094129.1', 'NZ_CP094131.1', 'NZ_CP094128.1', 'NZ_CP094126.1', 'NZ_CP094121.1', 'NZ_CP094134.1', 'NZ_CP094135.1', 'NZ_CP094144.1', 'NZ_CP094140.1', 'NZ_CP094138.1', 'NZ_CP094143.1', 'NZ_CP094136.1', 'NZ_CP094137.1', 'NZ_CP094139.1', 'NZ_CP094142.1', 'NZ_CP094157.1', 'NZ_CP094160.1', 'NZ_CP094147.1', 'NZ_CP094159.1', 'NZ_CP094148.1', 'NZ_CP094149.1', 'NZ_CP094156.1', 'NZ_CP094151.1', 'NZ_CP094150.1', 'NZ_CP094153.1']
2022-12-02 11:23:53,568 WARNING   
 -------- The overlap with rRNA and strand is not correct for NZ_CP055095.1 ------- 
     rRNA interval = 3906665 & strand interval = [1976205, 3890477) 
 -------------------------------------------------------------------------------
2022-12-02 11:23:53,617 WARNING   
 -------- The overlap with rRNA and strand is not correct for NZ_CP092431.1 ------- 
     rRNA interval = 1783184 & strand interval = [4273352, 10101517)
     rRNA interval = 2331889 & strand interval = [4273352, 10101517)
     rRNA interval = 4136456 & strand interval = [4273352, 10101517)
     rRNA interval = 6040675 & strand interval = [107931, 4273352)
     rRNA interval = 7457223 & strand interval = [107931, 4273352) 
 -------------------------------------------------------------------------------
2022-12-02 11:23:53,628 WARNING   
 -------- The overlap with rRNA and strand is not correct for NZ_CP059324.1 ------- 
     rRNA interval = 683834 & strand interval = [1144594, 2590480)
     rRNA interval = 1169854 & strand interval = [9637, 1144594)
     rRNA interval = 1206220 & strand interval = [9637, 1144594)
     rRNA interval = 1264968 & strand interval = [9637, 1144594)
     rRNA interval = 1373585 & strand interval = [9637, 1144594)
     rRNA interval = 1959675 & strand interval = [9637, 1144594) 
 -------------------------------------------------------------------------------
2022-12-02 11:23:53,628 WARNING   
 -------- The overlap with rRNA and strand is not correct for NZ_CP059328.1 ------- 
     rRNA interval = 607828 & strand interval = [1391804, 2557569)
     rRNA interval = 1193968 & strand interval = [1391804, 2557569)
     rRNA interval = 1302597 & strand interval = [1391804, 2557569)
     rRNA interval = 1361367 & strand interval = [1391804, 2557569)
     rRNA interval = 1883793 & strand interval = [2557569, 2590906) 
 -------------------------------------------------------------------------------
2022-12-02 11:23:53,705 WARNING   
 -------- The overlap with rRNA and strand is not correct for NZ_CP091368.1 ------- 
     rRNA interval = 1607478 & strand interval = [1607780, 3590728) 
 -------------------------------------------------------------------------------
2022-12-02 11:23:53,712 WARNING   
 -------- The overlap with rRNA and strand is not correct for NZ_CP091375.1 ------- 
     rRNA interval = 1280067 & strand interval = [1942443, 3995973)
     rRNA interval = 1762237 & strand interval = [1942443, 3995973)
     rRNA interval = 1929482 & strand interval = [1942443, 3995973)
     rRNA interval = 1981459 & strand interval = [23409, 1942443)
     rRNA interval = 2447377 & strand interval = [23409, 1942443)
     rRNA interval = 2479740 & strand interval = [23409, 1942443) 
 -------------------------------------------------------------------------------
2022-12-02 11:23:53,762 WARNING   
 -------- The overlap with rRNA and strand is not correct for NZ_CP028739.1 ------- 
     rRNA interval = 16173 & strand interval = [50071, 2768697) 
 -------------------------------------------------------------------------------
2022-12-02 11:23:53,762 WARNING   
 -------- The overlap with rRNA and strand is not correct for NZ_CP028741.1 ------- 
     rRNA interval = 18887 & strand interval = [28573, 2438362) 
 -------------------------------------------------------------------------------
2022-12-02 11:23:53,853 WARNING   
 -------- The overlap with rRNA and strand is not correct for NZ_CP060867.1 ------- 
     rRNA interval = 4827091 & strand interval = [2281195, 4775894) 
 -------------------------------------------------------------------------------
2022-12-02 11:23:53,931 WARNING   
 -------- The overlap with rRNA and strand is not correct for NZ_CP093239.1 ------- 
     rRNA interval = 4979475 & strand interval = [2262918, 4961672) 
 -------------------------------------------------------------------------------
2022-12-02 11:23:53,953 WARNING   
 -------- The overlap with rRNA and strand is not correct for NZ_CP093336.1 ------- 
     rRNA interval = 9788 & strand interval = [12283, 3081420) 
 -------------------------------------------------------------------------------
2022-12-02 11:23:53,968 WARNING   
 -------- The overlap with rRNA and strand is not correct for NZ_CP076488.1 ------- 
     rRNA interval = 357039 & strand interval = [368630, 1875038) 
 -------------------------------------------------------------------------------
2022-12-02 11:23:53,968 WARNING   
 -------- The overlap with rRNA and strand is not correct for NZ_CP076498.1 ------- 
     rRNA interval = 518439 & strand interval = [521210, 2041787) 
 -------------------------------------------------------------------------------
2022-12-02 11:23:53,974 WARNING   
 -------- The overlap with rRNA and strand is not correct for NZ_CP093376.1 ------- 
     rRNA interval = 3920327 & strand interval = [3987357, 4315559) 
 -------------------------------------------------------------------------------
2022-12-02 11:23:53,980 WARNING   
 -------- The overlap with rRNA and strand is not correct for NZ_CP073063.1 ------- 
     rRNA interval = 305174 & strand interval = [1982695, 3209445) 
 -------------------------------------------------------------------------------
2022-12-02 11:23:53,987 WARNING   
 -------- The overlap with rRNA and strand is not correct for NZ_CP023711.1 ------- 
     rRNA interval = 27414 & strand interval = [436710, 2757489)
     rRNA interval = 244287 & strand interval = [436710, 2757489)
     rRNA interval = 1980448 & strand interval = [2757489, 5793822)
     rRNA interval = 2522187 & strand interval = [2757489, 5793822)
     rRNA interval = 2624320 & strand interval = [2757489, 5793822)
     rRNA interval = 2726896 & strand interval = [2757489, 5793822)
     rRNA interval = 3406025 & strand interval = [436710, 2757489)
     rRNA interval = 3471362 & strand interval = [436710, 2757489)
     rRNA interval = 3793148 & strand interval = [436710, 2757489)
     rRNA interval = 3801465 & strand interval = [436710, 2757489)
     rRNA interval = 3812682 & strand interval = [436710, 2757489)
     rRNA interval = 3910013 & strand interval = [436710, 2757489)
     rRNA interval = 4080993 & strand interval = [436710, 2757489)
     rRNA interval = 4258351 & strand interval = [436710, 2757489) 
 -------------------------------------------------------------------------------
2022-12-02 11:23:53,988 WARNING   
 -------- The overlap with rRNA and strand is not correct for NZ_CP093400.1 ------- 
     rRNA interval = 4800326 & strand interval = [2336716, 4793646) 
 -------------------------------------------------------------------------------
2022-12-02 11:23:54,001 WARNING   
 -------- The overlap with rRNA and strand is not correct for NZ_CP080467.1 ------- 
     rRNA interval = 9635 & strand interval = [19008, 2387110) 
 -------------------------------------------------------------------------------
2022-12-02 11:23:54,007 WARNING   
 -------- The overlap with rRNA and strand is not correct for NZ_CP092569.1 ------- 
     rRNA interval = 2843862 & strand interval = [1197979, 2774362) 
 -------------------------------------------------------------------------------
2022-12-02 11:23:54,030 WARNING   
 -------- The overlap with rRNA and strand is not correct for NZ_CP063844.1 ------- 
     rRNA interval = 1012113 & strand interval = [3306870, 6984674)
     rRNA interval = 1508795 & strand interval = [3306870, 6984674)
     rRNA interval = 2438037 & strand interval = [3306870, 6984674)
     rRNA interval = 4189346 & strand interval = [919, 3306870)
     rRNA interval = 5864637 & strand interval = [919, 3306870)
     rRNA interval = 6323170 & strand interval = [919, 3306870) 
 -------------------------------------------------------------------------------
2022-12-02 11:23:54,035 WARNING   
 -------- The overlap with rRNA and strand is not correct for NZ_CP093953.1 ------- 
     rRNA interval = 2873508 & strand interval = [1398457, 2838208) 
 -------------------------------------------------------------------------------
2022-12-02 11:23:54,037 WARNING   
 -------- The overlap with rRNA and strand is not correct for NZ_CP093940.1 ------- 
     rRNA interval = 4805668 & strand interval = [99690, 2245520)
     rRNA interval = 4811073 & strand interval = [99690, 2245520) 
 -------------------------------------------------------------------------------
2022-12-02 11:23:54,062 WARNING   
 -------- The overlap with rRNA and strand is not correct for NZ_CP089976.1 ------- 
     rRNA interval = 491313 & strand interval = [1002636, 2028235)
     rRNA interval = 895779 & strand interval = [1002636, 2028235)
     rRNA interval = 986522 & strand interval = [1002636, 2028235)
     rRNA interval = 1403735 & strand interval = [30570, 1002636) 
 -------------------------------------------------------------------------------
2022-12-02 11:23:54,065 WARNING   
 -------- The overlap with rRNA and strand is not correct for NZ_CP064095.1 ------- 
     rRNA interval = 1012685 & strand interval = [2022282, 4215581)
     rRNA interval = 1323946 & strand interval = [2022282, 4215581)
     rRNA interval = 1787875 & strand interval = [2022282, 4215581)
     rRNA interval = 1792875 & strand interval = [2022282, 4215581)
     rRNA interval = 1798473 & strand interval = [2022282, 4215581)
     rRNA interval = 1862973 & strand interval = [2022282, 4215581)
     rRNA interval = 1868826 & strand interval = [2022282, 4215581)
     rRNA interval = 1929079 & strand interval = [2022282, 4215581)
     rRNA interval = 1949532 & strand interval = [2022282, 4215581)
     rRNA interval = 2996335 & strand interval = [363, 2022282) 
 -------------------------------------------------------------------------------
2022-12-02 11:23:54,107 WARNING   
 -------- The overlap with rRNA and strand is not correct for NZ_CP094289.1 ------- 
     rRNA interval = 1638937 & strand interval = [2384581, 3953528)
     rRNA interval = 2914782 & strand interval = [368895, 2384581) 
 -------------------------------------------------------------------------------
2022-12-02 11:23:54,158 WARNING   
 -------- The overlap with rRNA and strand is not correct for NZ_CP092893.1 ------- 
     rRNA interval = 1167424 & strand interval = [2145671, 2260657)
     rRNA interval = 1529385 & strand interval = [2145671, 2260657) 
 -------------------------------------------------------------------------------
2022-12-02 11:23:54,178 WARNING   
 -------- The overlap with rRNA and strand is not correct for NZ_CP094451.1 ------- 
     rRNA interval = 1379658 & strand interval = [2649207, 5642767) 
 -------------------------------------------------------------------------------
2022-12-02 11:23:54,178 WARNING   
 -------- The overlap with rRNA and strand is not correct for NZ_CP094344.1 ------- 
     rRNA interval = 2808162 & strand interval = [4765391, 9607551)
     rRNA interval = 4291743 & strand interval = [4765391, 9607551)
     rRNA interval = 5283889 & strand interval = [1352, 4765391)
     rRNA interval = 5935529 & strand interval = [1352, 4765391)
     rRNA interval = 7633410 & strand interval = [1352, 4765391)
     rRNA interval = 8120870 & strand interval = [1352, 4765391) 
 -------------------------------------------------------------------------------
2022-12-02 11:23:54,280 WARNING   
 -------- The overlap with rRNA and strand is not correct for NZ_CP094643.1 ------- 
     rRNA interval = 3012912 & strand interval = [3018026, 3526749) 
 -------------------------------------------------------------------------------
2022-12-02 11:23:54,309 WARNING   
 -------- The overlap with rRNA and strand is not correct for NZ_CP094676.1 ------- 
     rRNA interval = 1996213 & strand interval = [4258627, 8368455)
     rRNA interval = 5573076 & strand interval = [558749, 4258627)
     rRNA interval = 6014091 & strand interval = [558749, 4258627)
     rRNA interval = 7491697 & strand interval = [558749, 4258627)
     rRNA interval = 8118907 & strand interval = [558749, 4258627) 
 -------------------------------------------------------------------------------
2022-12-02 11:23:54,320 WARNING    Nr of records with rRNA and strand non-overlap: 30
