2022-12-07 11:40:40,494 INFO     Logging verbose set to False
2022-12-07 11:42:40,139 WARNING   
 -------- No rRNA was found for: --------  
 NC_015596.1 
 NC_016446.1 
 -------------------------------------------------------------------------------
2022-12-07 11:42:40,144 WARNING  Faulty records from NCBI: ['NC_014165.1', 'NC_014118.1', 'NC_014315.1', 'NC_018581.1', 'NC_014394.1', 'NC_004347.2', 'NC_015958.1', 'NC_017357.1', 'NC_014414.1', 'NC_015730.1', 'NC_014618.1', 'NC_017445.1', 'NC_017403.1', 'NC_017545.1', 'NZ_CP020947.1', 'NC_021591.1', 'NC_016901.1', 'NC_014738.1']
2022-12-07 11:42:42,034 WARNING   
 -------- The overlap with rRNA and strand is not correct for NC_017934.1 ------- 
 rRNA location = 220501 sign = - & strand interval = [1104061, 2714025) lagging1. Apos Distance to Ori = 260262 & rRNA location between dnaApos and Ori = False 
 -------------------------------------------------------------------------------
2022-12-07 11:42:42,039 WARNING   
 -------- The overlap with rRNA and strand is not correct for NC_015593.1 ------- 
 rRNA location = 2454162 sign = + & strand interval = [1, 1230532)leading1 & [2855854, 3080817]leading2. Apos Distance to Ori = 225247 & rRNA location between dnaApos and Ori = False 
 -------------------------------------------------------------------------------
2022-12-07 11:42:42,046 WARNING   
 -------- The overlap with rRNA and strand is not correct for NC_017280.1 ------- 
 rRNA location = 37545 sign = + & strand interval = [38134, 793354)leading1. Apos Distance to Ori = 38133 & rRNA location between dnaApos and Ori = True 
 -------------------------------------------------------------------------------
2022-12-07 11:42:42,050 WARNING   
 -------- The overlap with rRNA and strand is not correct for NC_014541.1 ------- 
 rRNA location = 4255681 sign = - & strand interval = [2081696, 4252402) lagging1. Apos Distance to Ori = 27093 & rRNA location between dnaApos and Ori = True 
 -------------------------------------------------------------------------------
2022-12-07 11:42:42,051 WARNING   
 -------- The overlap with rRNA and strand is not correct for NC_017632.1 ------- 
 rRNA location = 3944737 sign = + & strand interval = [1, 1971961)leading1 & [4005190, 4993012]leading2. Apos Distance to Ori = 117830 & rRNA location between dnaApos and Ori = True 
 -------------------------------------------------------------------------------
2022-12-07 11:42:42,053 WARNING   
 -------- The overlap with rRNA and strand is not correct for NC_020802.1 ------- 
 rRNA location = 47849 sign = + & strand interval = [47871, 1514245)leading1. Apos Distance to Ori = 47779 & rRNA location between dnaApos and Ori = True 
 -------------------------------------------------------------------------------
2022-12-07 11:42:42,064 WARNING   
 -------- The overlap with rRNA and strand is not correct for NC_020995.1 ------- 
 rRNA location = 3399101 sign = - & strand interval = [1725150, 3392728) lagging1. Apos Distance to Ori = 34648 & rRNA location between dnaApos and Ori = True 
 -------------------------------------------------------------------------------
2022-12-07 11:42:42,068 WARNING   
 -------- The overlap with rRNA and strand is not correct for NC_020911.1 ------- 
 rRNA location = 24045 sign = + & strand interval = [141581, 2372909)leading1. Apos Distance to Ori = 141480 & rRNA location between dnaApos and Ori = True 
 -------------------------------------------------------------------------------
2022-12-07 11:42:42,096 WARNING   
 -------- The overlap with rRNA and strand is not correct for NZ_CP005388.1 ------- 
 rRNA location = 39134 sign = + & strand interval = [42548, 792480)leading1. Apos Distance to Ori = 42547 & rRNA location between dnaApos and Ori = True 
 -------------------------------------------------------------------------------
2022-12-07 11:42:42,105 WARNING   
 -------- The overlap with rRNA and strand is not correct for NC_017262.1 ------- 
 rRNA location = 1784939 sign = + & strand interval = [920646, 1750614)leading1. Apos Distance to Ori = 920372 & rRNA location between dnaApos and Ori = False 
 -------------------------------------------------------------------------------
2022-12-07 11:42:42,114 WARNING   
 -------- The overlap with rRNA and strand is not correct for NC_015673.1 ------- 
 rRNA location = 117258 sign = - & strand interval = [1, 113662)lagging1 & [1285677, 2601310]lagging2. Apos Distance to Ori = 113661 & rRNA location between dnaApos and Ori = False 
 -------------------------------------------------------------------------------
2022-12-07 11:42:42,121 WARNING   
 -------- The overlap with rRNA and strand is not correct for NC_015953.1 ------- 
 rRNA location = 921976 sign = - & strand interval = [1, 651)lagging1 & [3012522, 7414439]lagging2. Apos Distance to Ori = 3692369 & rRNA location between dnaApos and Ori = True
 rRNA location = 1379323 sign = - & strand interval = [1, 651)lagging1 & [3012522, 7414439]lagging2. Apos Distance to Ori = 3692369 & rRNA location between dnaApos and Ori = True
 rRNA location = 2799332 sign = - & strand interval = [1, 651)lagging1 & [3012522, 7414439]lagging2. Apos Distance to Ori = 3692369 & rRNA location between dnaApos and Ori = True
 rRNA location = 3971014 sign = + & strand interval = [651, 3012522)leading1. Apos Distance to Ori = 3692369 & rRNA location between dnaApos and Ori = False
 rRNA location = 5454863 sign = + & strand interval = [651, 3012522)leading1. Apos Distance to Ori = 3692369 & rRNA location between dnaApos and Ori = False 
 -------------------------------------------------------------------------------
2022-12-07 11:42:42,126 WARNING   
 -------- The overlap with rRNA and strand is not correct for NC_014833.1 ------- 
 rRNA location = 3676965 sign = - & strand interval = [2136634, 3390107) lagging1. Apos Distance to Ori = 295307 & rRNA location between dnaApos and Ori = True 
 -------------------------------------------------------------------------------
2022-12-07 11:42:42,139 WARNING   
 -------- The overlap with rRNA and strand is not correct for NC_014761.1 ------- 
 rRNA location = 280532 sign = - & strand interval = [1231123, 2123134) lagging1. Apos Distance to Ori = 180865 & rRNA location between dnaApos and Ori = False 
 -------------------------------------------------------------------------------
2022-12-07 11:42:42,140 WARNING    Nr of records with rRNA and strand non-overlap: 14
