2022-12-08 09:57:02,424 INFO     Logging verbose set to False
2022-12-08 10:08:35,840 WARNING   
 -------- No rRNA was found for: --------  
 NC_005824.1 
 NC_007953.1 
 NC_009456.1 
 NC_011983.1 
 NC_009802.2 
 NC_009801.1 
 NC_009778.1 
 NC_009800.1 
 NC_010845.1 
 NC_009828.1 
 NC_009767.1 
 NC_009848.4 
 NC_009831.1 
 NC_012583.1 
 NC_012580.1 
 NC_012667.1 
 NC_004343.2 
 NC_015596.1 
 NC_016446.1 
 -------------------------------------------------------------------------------
2022-12-08 10:08:35,843 DEBUG    OK! No faulty records from NCBI recorded!
2022-12-08 10:08:39,306 WARNING   
 -------- The overlap with rRNA and strand is not correct for NC_004088.1 ------- 
 rRNA location = 12015 sign = + & strand interval = [248823, 2262716)leading1. Apos Distance to Ori = 283070 & rRNA location between dnaApos and Ori = False 
 -------------------------------------------------------------------------------
2022-12-08 10:08:39,340 WARNING   
 -------- The overlap with rRNA and strand is not correct for NC_006300.1 ------- 
 rRNA location = 2312119 sign = + & strand interval = [47557, 1009102)leading1. Apos Distance to Ori = 400404 & rRNA location between dnaApos and Ori = False 
 -------------------------------------------------------------------------------
2022-12-08 10:08:39,349 WARNING   
 -------- The overlap with rRNA and strand is not correct for NC_005835.1 ------- 
 rRNA location = 1766608 sign = - & strand interval = [613069, 1547442) lagging1. Apos Distance to Ori = 24412 & rRNA location between dnaApos and Ori = False 
 -------------------------------------------------------------------------------
2022-12-08 10:08:39,376 WARNING   
 -------- The overlap with rRNA and strand is not correct for NC_002163.1 ------- 
 rRNA location = 39249 sign = + & strand interval = [45763, 792577)leading1. Apos Distance to Ori = 45762 & rRNA location between dnaApos and Ori = True 
 -------------------------------------------------------------------------------
2022-12-08 10:08:39,438 WARNING   
 -------- The overlap with rRNA and strand is not correct for NC_011837.1 ------- 
 rRNA location = 9349 sign = + & strand interval = [57203, 1691181)leading1. Apos Distance to Ori = 57202 & rRNA location between dnaApos and Ori = True 
 -------------------------------------------------------------------------------
2022-12-08 10:08:39,453 WARNING   
 -------- The overlap with rRNA and strand is not correct for NC_010572.1 ------- 
 rRNA location = 2103828 sign = - & strand interval = [1, 35)lagging1 & [3972473, 8545928]lagging2. Apos Distance to Ori = 4223419 & rRNA location between dnaApos and Ori = False
 rRNA location = 4592148 sign = + & strand interval = [35, 3972473)leading1. Apos Distance to Ori = 4223419 & rRNA location between dnaApos and Ori = False
 rRNA location = 4842374 sign = + & strand interval = [35, 3972473)leading1. Apos Distance to Ori = 4223419 & rRNA location between dnaApos and Ori = False
 rRNA location = 5288078 sign = + & strand interval = [35, 3972473)leading1. Apos Distance to Ori = 4223419 & rRNA location between dnaApos and Ori = False
 rRNA location = 6683058 sign = + & strand interval = [35, 3972473)leading1. Apos Distance to Ori = 4223419 & rRNA location between dnaApos and Ori = False
 rRNA location = 7243307 sign = + & strand interval = [35, 3972473)leading1. Apos Distance to Ori = 4223419 & rRNA location between dnaApos and Ori = False 
 -------------------------------------------------------------------------------
2022-12-08 10:08:39,475 WARNING   
 -------- The overlap with rRNA and strand is not correct for NC_003450.3 ------- 
 rRNA location = 3151205 sign = - & strand interval = [1536929, 3090136) lagging1. Apos Distance to Ori = 219265 & rRNA location between dnaApos and Ori = True 
 -------------------------------------------------------------------------------
2022-12-08 10:08:39,492 WARNING   
 -------- The overlap with rRNA and strand is not correct for NC_003912.7 ------- 
 rRNA location = 37398 sign = + & strand interval = [59803, 883850)leading1. Apos Distance to Ori = 59802 & rRNA location between dnaApos and Ori = True 
 -------------------------------------------------------------------------------
2022-12-08 10:08:39,497 WARNING   
 -------- The overlap with rRNA and strand is not correct for NC_003911.12 ------- 
 rRNA location = 4015972 sign = - & strand interval = [2077360, 3915009) lagging1. Apos Distance to Ori = 358758 & rRNA location between dnaApos and Ori = True 
 -------------------------------------------------------------------------------
2022-12-08 10:08:39,539 WARNING   
 -------- The overlap with rRNA and strand is not correct for NC_007946.1 ------- 
 rRNA location = 4202676 sign = + & strand interval = [1, 1696719)leading1 & [4229219, 5065740]leading2. Apos Distance to Ori = 83922 & rRNA location between dnaApos and Ori = True 
 -------------------------------------------------------------------------------
2022-12-08 10:08:39,618 WARNING   
 -------- The overlap with rRNA and strand is not correct for NC_008700.1 ------- 
 rRNA location = 4282137 sign = - & strand interval = [2155566, 4274222) lagging1. Apos Distance to Ori = 42694 & rRNA location between dnaApos and Ori = True 
 -------------------------------------------------------------------------------
2022-12-08 10:08:39,620 WARNING   
 -------- The overlap with rRNA and strand is not correct for NC_008709.1 ------- 
 rRNA location = 130 sign = + & strand interval = [8768, 2304306)leading1. Apos Distance to Ori = 44155 & rRNA location between dnaApos and Ori = False 
 -------------------------------------------------------------------------------
2022-12-08 10:08:39,631 WARNING   
 -------- The overlap with rRNA and strand is not correct for NC_008787.1 ------- 
 rRNA location = 39157 sign = + & strand interval = [42446, 798563)leading1. Apos Distance to Ori = 42445 & rRNA location between dnaApos and Ori = True 
 -------------------------------------------------------------------------------
2022-12-08 10:08:39,672 WARNING   
 -------- The overlap with rRNA and strand is not correct for NC_009706.1 ------- 
 rRNA location = 9349 sign = + & strand interval = [51721, 1687248)leading1. Apos Distance to Ori = 51720 & rRNA location between dnaApos and Ori = True 
 -------------------------------------------------------------------------------
2022-12-08 10:08:39,674 WARNING   
 -------- The overlap with rRNA and strand is not correct for NC_009436.1 ------- 
 rRNA location = 4471259 sign = - & strand interval = [2218432, 4453441) lagging1. Apos Distance to Ori = 65845 & rRNA location between dnaApos and Ori = True 
 -------------------------------------------------------------------------------
2022-12-08 10:08:39,690 WARNING   
 -------- The overlap with rRNA and strand is not correct for NC_009708.1 ------- 
 rRNA location = 12000 sign = + & strand interval = [27009, 2206276)leading1. Apos Distance to Ori = 60035 & rRNA location between dnaApos and Ori = False 
 -------------------------------------------------------------------------------
2022-12-08 10:08:39,718 WARNING   
 -------- The overlap with rRNA and strand is not correct for NC_009839.1 ------- 
 rRNA location = 37567 sign = + & strand interval = [47208, 800807)leading1. Apos Distance to Ori = 47207 & rRNA location between dnaApos and Ori = True 
 -------------------------------------------------------------------------------
2022-12-08 10:08:39,756 WARNING   
 -------- The overlap with rRNA and strand is not correct for NC_010175.1 ------- 
 rRNA location = 5131300 sign = + & strand interval = [2001856, 4679136)leading1. Apos Distance to Ori = 2001520 & rRNA location between dnaApos and Ori = False 
 -------------------------------------------------------------------------------
2022-12-08 10:08:39,770 WARNING   
 -------- The overlap with rRNA and strand is not correct for NC_010337.2 ------- 
 rRNA location = 1123468 sign = + & strand interval = [1243147, 2522916)leading1. Apos Distance to Ori = 154930 & rRNA location between dnaApos and Ori = True 
 -------------------------------------------------------------------------------
2022-12-08 10:08:39,820 WARNING   
 -------- The overlap with rRNA and strand is not correct for NC_011035.1 ------- 
 rRNA location = 1954340 sign = + & strand interval = [1, 849055)leading1 & [1955978, 2232024]leading2. Apos Distance to Ori = 276204 & rRNA location between dnaApos and Ori = False 
 -------------------------------------------------------------------------------
2022-12-08 10:08:39,842 WARNING   
 -------- The overlap with rRNA and strand is not correct for NC_011138.3 ------- 
 rRNA location = 34379 sign = + & strand interval = [42839, 2328990)leading1. Apos Distance to Ori = 42876 & rRNA location between dnaApos and Ori = False
 rRNA location = 2840836 sign = + & strand interval = [42839, 2328990)leading1. Apos Distance to Ori = 42876 & rRNA location between dnaApos and Ori = False
 rRNA location = 3694905 sign = + & strand interval = [42839, 2328990)leading1. Apos Distance to Ori = 42876 & rRNA location between dnaApos and Ori = False 
 -------------------------------------------------------------------------------
2022-12-08 10:08:39,875 WARNING   
 -------- The overlap with rRNA and strand is not correct for NC_011369.1 ------- 
 rRNA location = 4146699 sign = + & strand interval = [78489, 1700955)leading1. Apos Distance to Ori = 77869 & rRNA location between dnaApos and Ori = False 
 -------------------------------------------------------------------------------
2022-12-08 10:08:39,883 WARNING   
 -------- The overlap with rRNA and strand is not correct for NC_014034.1 ------- 
 rRNA location = 160325 sign = + & strand interval = [275465, 2034113)leading1. Apos Distance to Ori = 275114 & rRNA location between dnaApos and Ori = True 
 -------------------------------------------------------------------------------
2022-12-08 10:08:39,890 WARNING   
 -------- The overlap with rRNA and strand is not correct for NC_011898.1 ------- 
 rRNA location = 4057467 sign = - & strand interval = [1924394, 4040964) lagging1. Apos Distance to Ori = 27786 & rRNA location between dnaApos and Ori = True 
 -------------------------------------------------------------------------------
2022-12-08 10:08:39,892 WARNING   
 -------- The overlap with rRNA and strand is not correct for NC_011831.1 ------- 
 rRNA location = 835788 sign = + & strand interval = [1, 247883)leading1 & [2433937, 4684930]leading2. Apos Distance to Ori = 2251201 & rRNA location between dnaApos and Ori = False 
 -------------------------------------------------------------------------------
2022-12-08 10:08:39,920 WARNING   
 -------- The overlap with rRNA and strand is not correct for NC_014029.1 ------- 
 rRNA location = 12264 sign = + & strand interval = [28729, 1963820)leading1. Apos Distance to Ori = 62727 & rRNA location between dnaApos and Ori = False 
 -------------------------------------------------------------------------------
2022-12-08 10:08:39,930 WARNING   
 -------- The overlap with rRNA and strand is not correct for NC_017154.1 ------- 
 rRNA location = 12264 sign = + & strand interval = [21030, 2505471)leading1. Apos Distance to Ori = 21031 & rRNA location between dnaApos and Ori = True 
 -------------------------------------------------------------------------------
2022-12-08 10:08:39,944 WARNING   
 -------- The overlap with rRNA and strand is not correct for NC_012850.1 ------- 
 rRNA location = 4429021 sign = + & strand interval = [93151, 1935618)leading1. Apos Distance to Ori = 93096 & rRNA location between dnaApos and Ori = False 
 -------------------------------------------------------------------------------
2022-12-08 10:08:39,962 WARNING   
 -------- The overlap with rRNA and strand is not correct for NC_013093.1 ------- 
 rRNA location = 219643 sign = + & strand interval = [1, 138827)leading1 & [3976317, 8248143]leading2. Apos Distance to Ori = 3976219 & rRNA location between dnaApos and Ori = True
 rRNA location = 1008767 sign = + & strand interval = [1, 138827)leading1 & [3976317, 8248143]leading2. Apos Distance to Ori = 3976219 & rRNA location between dnaApos and Ori = True
 rRNA location = 1686548 sign = + & strand interval = [1, 138827)leading1 & [3976317, 8248143]leading2. Apos Distance to Ori = 3976219 & rRNA location between dnaApos and Ori = True
 rRNA location = 6131208 sign = - & strand interval = [138827, 3976317) lagging1. Apos Distance to Ori = 3976219 & rRNA location between dnaApos and Ori = False
 rRNA location = 6469862 sign = - & strand interval = [138827, 3976317) lagging1. Apos Distance to Ori = 3976219 & rRNA location between dnaApos and Ori = False 
 -------------------------------------------------------------------------------
2022-12-08 10:08:39,978 WARNING   
 -------- The overlap with rRNA and strand is not correct for NC_013205.1 ------- 
 rRNA location = 10782 sign = + & strand interval = [17520, 1666481)leading1. Apos Distance to Ori = 17405 & rRNA location between dnaApos and Ori = True 
 -------------------------------------------------------------------------------
2022-12-08 10:08:39,987 WARNING   
 -------- The overlap with rRNA and strand is not correct for NC_013946.1 ------- 
 rRNA location = 592266 sign = - & strand interval = [1, 2651)lagging1 & [1612018, 3097456]lagging2. Apos Distance to Ori = 2614 & rRNA location between dnaApos and Ori = False 
 -------------------------------------------------------------------------------
2022-12-08 10:08:39,998 WARNING   
 -------- The overlap with rRNA and strand is not correct for NC_013421.1 ------- 
 rRNA location = 4964491 sign = - & strand interval = [2562326, 4908791) lagging1. Apos Distance to Ori = 155153 & rRNA location between dnaApos and Ori = True 
 -------------------------------------------------------------------------------
2022-12-08 10:08:40,005 WARNING   
 -------- The overlap with rRNA and strand is not correct for NC_013525.1 ------- 
 rRNA location = 815525 sign = - & strand interval = [1, 227873)lagging1 & [1248345, 2026946]lagging2. Apos Distance to Ori = 227788 & rRNA location between dnaApos and Ori = False
 rRNA location = 1141748 sign = - & strand interval = [1, 227873)lagging1 & [1248345, 2026946]lagging2. Apos Distance to Ori = 227788 & rRNA location between dnaApos and Ori = False 
 -------------------------------------------------------------------------------
2022-12-08 10:08:40,023 WARNING   
 -------- The overlap with rRNA and strand is not correct for NC_017279.1 ------- 
 rRNA location = 39262 sign = + & strand interval = [47725, 795267)leading1. Apos Distance to Ori = 47724 & rRNA location between dnaApos and Ori = True 
 -------------------------------------------------------------------------------
2022-12-08 10:08:40,059 WARNING   
 -------- The overlap with rRNA and strand is not correct for NC_011742.1 ------- 
 rRNA location = 4150181 sign = + & strand interval = [1, 1622715)leading1 & [4154846, 5032267]leading2. Apos Distance to Ori = 62039 & rRNA location between dnaApos and Ori = True 
 -------------------------------------------------------------------------------
2022-12-08 10:08:40,060 WARNING   
 -------- The overlap with rRNA and strand is not correct for NC_011750.1 ------- 
 rRNA location = 482496 sign = - & strand interval = [1923638, 4444740) lagging1. Apos Distance to Ori = 39327 & rRNA location between dnaApos and Ori = False 
 -------------------------------------------------------------------------------
2022-12-08 10:08:40,070 WARNING   
 -------- The overlap with rRNA and strand is not correct for NC_011601.1 ------- 
 rRNA location = 4238425 sign = + & strand interval = [1, 1715118)leading1 & [4268072, 4965552]leading2. Apos Distance to Ori = 87019 & rRNA location between dnaApos and Ori = True 
 -------------------------------------------------------------------------------
2022-12-08 10:08:40,161 WARNING   
 -------- The overlap with rRNA and strand is not correct for NC_014212.1 ------- 
 rRNA location = 3154466 sign = + & strand interval = [34432, 1992552)leading1. Apos Distance to Ori = 34306 & rRNA location between dnaApos and Ori = False 
 -------------------------------------------------------------------------------
2022-12-08 10:08:40,179 WARNING   
 -------- The overlap with rRNA and strand is not correct for NC_014221.1 ------- 
 rRNA location = 624145 sign = - & strand interval = [1, 24475)lagging1 & [1613870, 3260397]lagging2. Apos Distance to Ori = 24309 & rRNA location between dnaApos and Ori = False 
 -------------------------------------------------------------------------------
2022-12-08 10:08:40,268 WARNING   
 -------- The overlap with rRNA and strand is not correct for NC_017934.1 ------- 
 rRNA location = 220501 sign = - & strand interval = [1104061, 2714025) lagging1. Apos Distance to Ori = 260262 & rRNA location between dnaApos and Ori = False 
 -------------------------------------------------------------------------------
2022-12-08 10:08:40,277 WARNING   
 -------- The overlap with rRNA and strand is not correct for NC_015593.1 ------- 
 rRNA location = 2454162 sign = + & strand interval = [1, 1230532)leading1 & [2855854, 3080817]leading2. Apos Distance to Ori = 225247 & rRNA location between dnaApos and Ori = False 
 -------------------------------------------------------------------------------
2022-12-08 10:08:40,281 WARNING   
 -------- The overlap with rRNA and strand is not correct for NC_014541.1 ------- 
 rRNA location = 4255681 sign = - & strand interval = [2081696, 4252402) lagging1. Apos Distance to Ori = 27093 & rRNA location between dnaApos and Ori = True 
 -------------------------------------------------------------------------------
2022-12-08 10:08:40,282 WARNING   
 -------- The overlap with rRNA and strand is not correct for NC_017632.1 ------- 
 rRNA location = 3944737 sign = + & strand interval = [1, 1971961)leading1 & [4005190, 4993012]leading2. Apos Distance to Ori = 117830 & rRNA location between dnaApos and Ori = True 
 -------------------------------------------------------------------------------
2022-12-08 10:08:40,285 WARNING   
 -------- The overlap with rRNA and strand is not correct for NC_017280.1 ------- 
 rRNA location = 37545 sign = + & strand interval = [38134, 793354)leading1. Apos Distance to Ori = 38133 & rRNA location between dnaApos and Ori = True 
 -------------------------------------------------------------------------------
2022-12-08 10:08:40,297 WARNING   
 -------- The overlap with rRNA and strand is not correct for NC_020802.1 ------- 
 rRNA location = 47849 sign = + & strand interval = [47871, 1514245)leading1. Apos Distance to Ori = 47779 & rRNA location between dnaApos and Ori = True 
 -------------------------------------------------------------------------------
2022-12-08 10:08:40,310 WARNING   
 -------- The overlap with rRNA and strand is not correct for NC_020995.1 ------- 
 rRNA location = 3399101 sign = - & strand interval = [1725150, 3392728) lagging1. Apos Distance to Ori = 34648 & rRNA location between dnaApos and Ori = True 
 -------------------------------------------------------------------------------
2022-12-08 10:08:40,312 WARNING   
 -------- The overlap with rRNA and strand is not correct for NC_020911.1 ------- 
 rRNA location = 24045 sign = + & strand interval = [141581, 2372909)leading1. Apos Distance to Ori = 141480 & rRNA location between dnaApos and Ori = True 
 -------------------------------------------------------------------------------
2022-12-08 10:08:40,352 WARNING   
 -------- The overlap with rRNA and strand is not correct for NZ_CP005388.1 ------- 
 rRNA location = 39134 sign = + & strand interval = [42548, 792480)leading1. Apos Distance to Ori = 42547 & rRNA location between dnaApos and Ori = True 
 -------------------------------------------------------------------------------
2022-12-08 10:08:40,354 WARNING   
 -------- The overlap with rRNA and strand is not correct for NC_017262.1 ------- 
 rRNA location = 1784939 sign = + & strand interval = [920646, 1750614)leading1. Apos Distance to Ori = 920372 & rRNA location between dnaApos and Ori = False 
 -------------------------------------------------------------------------------
2022-12-08 10:08:40,365 WARNING   
 -------- The overlap with rRNA and strand is not correct for NC_015673.1 ------- 
 rRNA location = 117258 sign = - & strand interval = [1, 113662)lagging1 & [1285677, 2601310]lagging2. Apos Distance to Ori = 113661 & rRNA location between dnaApos and Ori = False 
 -------------------------------------------------------------------------------
2022-12-08 10:08:40,382 WARNING   
 -------- The overlap with rRNA and strand is not correct for NC_015953.1 ------- 
 rRNA location = 921976 sign = - & strand interval = [1, 651)lagging1 & [3012522, 7414439]lagging2. Apos Distance to Ori = 3692369 & rRNA location between dnaApos and Ori = True
 rRNA location = 1379323 sign = - & strand interval = [1, 651)lagging1 & [3012522, 7414439]lagging2. Apos Distance to Ori = 3692369 & rRNA location between dnaApos and Ori = True
 rRNA location = 2799332 sign = - & strand interval = [1, 651)lagging1 & [3012522, 7414439]lagging2. Apos Distance to Ori = 3692369 & rRNA location between dnaApos and Ori = True
 rRNA location = 3971014 sign = + & strand interval = [651, 3012522)leading1. Apos Distance to Ori = 3692369 & rRNA location between dnaApos and Ori = False
 rRNA location = 5454863 sign = + & strand interval = [651, 3012522)leading1. Apos Distance to Ori = 3692369 & rRNA location between dnaApos and Ori = False 
 -------------------------------------------------------------------------------
2022-12-08 10:08:40,388 WARNING   
 -------- The overlap with rRNA and strand is not correct for NC_014833.1 ------- 
 rRNA location = 3676965 sign = - & strand interval = [2136634, 3390107) lagging1. Apos Distance to Ori = 295307 & rRNA location between dnaApos and Ori = True 
 -------------------------------------------------------------------------------
2022-12-08 10:08:40,395 WARNING   
 -------- The overlap with rRNA and strand is not correct for NC_014761.1 ------- 
 rRNA location = 280532 sign = - & strand interval = [1231123, 2123134) lagging1. Apos Distance to Ori = 180865 & rRNA location between dnaApos and Ori = False 
 -------------------------------------------------------------------------------
2022-12-08 10:08:40,401 WARNING    Nr of records with rRNA and strand non-overlap: 53
